C51 COMPILER V9.60.7.0   CHARGE                                                            04/16/2025 16:59:28 PAGE 1   


C51 COMPILER V9.60.7.0, COMPILATION OF MODULE CHARGE
OBJECT MODULE PLACED IN .\Release\Objects\charge.obj
COMPILER INVOKED BY: C:\Keil_v5\C51\BIN\C51.EXE ..\..\App\charge.c OPTIMIZE(9,SIZE) BROWSE INTVECTOR(0X8000) INCDIR(..\.
                    -.\Libraries\Include;..\..\User;..\..\Hardware;..\..\App) INTERVAL(3) DEBUG OBJECTEXTEND PRINT(.\Release\Listings\charge.
                    -lst) OBJECT(.\Release\Objects\charge.obj)

line level    source

   1          #include "charge.h"
*** WARNING C322 IN LINE 71 OF \BaiduSyncdisk\A_WorkSt\Aworkst\2025-01-22-project250122-ËÕĞÀ-°´Ä¦ÒÇÓïÒô¿î-SX384\code\pro
             -ject-250122-TX8C1011\Libraries\Include\debug.h: unknown identifier
   2          #include "tx8c101x.h"
   3          
   4          #if USE_MY_DEBUG
              #include <stdio.h>
              #endif
   7          
   8          extern volatile bit flag_is_in_charging;
   9          extern volatile bit flag_bat_is_full;      // ç”µæ± æ˜¯å¦è¢«å……æ»¡ç”µçš„æ ‡å¿—ä½
  10          extern volatile bit flag_bat_is_near_full; // æ ‡å¿—ä½ï¼Œè¡¨ç¤ºç”µæ± æ˜¯å¦å¿«å……æ»¡ç”µ
  11          extern volatile bit flag_ctl_dev_close;    // æ§åˆ¶æ ‡å¿—ä½ï¼Œæ˜¯å¦è¦å…³é—­è®¾å¤‡
  12          extern volatile bit flag_ctl_led_blink;    // æ§åˆ¶æ ‡å¿—ä½ï¼Œæ˜¯å¦æ§åˆ¶æŒ‡ç¤ºç¯é—ªçƒ
  13          
  14          extern volatile bit flag_tim_scan_maybe_not_charge;
  15          extern volatile bit flag_tim_scan_maybe_in_charging;
  16          extern volatile bit flag_tim_set_is_in_charging;
  17          
  18          extern volatile bit flag_tim_scan_bat_maybe_near_full; // ç”¨äºç»™å®šæ—¶å™¨æ‰«æçš„æ ‡å¿—ä½ï¼Œå¯èƒ½æ£€
             -æµ‹åˆ°ç”µæ± å¿«è¢«å……æ»¡ç”µ
  19          extern volatile bit flag_tim_set_bat_is_near_full;     // ç”±å®šæ—¶å™¨ç½®ä½/å¤ä½çš„ï¼Œè¡¨ç¤ºç”µæ± æ˜¯å
             -¦å¿«è¢«å……æ»¡ç”µçš„æ ‡å¿—ä½
  20          
  21          extern volatile bit flag_tim_scan_bat_maybe_full; // ç”¨äºç»™å®šæ—¶å™¨æ‰«æçš„æ ‡å¿—ä½ï¼Œå¯èƒ½æ£€æµ‹åˆ
             -°ç”µæ± è¢«å……æ»¡ç”µ
  22          extern volatile bit flag_tim_set_bat_is_full;     // ç”±å®šæ—¶å™¨ç½®ä½/å¤ä½çš„ï¼Œè¡¨ç¤ºç”µæ± æ˜¯å¦è¢«å
             -……æ»¡ç”µçš„æ ‡å¿—ä½
  23          
  24          // ç”¨äºç»™å®šæ—¶å™¨æ‰«æçš„æ ‡å¿—ä½ï¼Œå¯èƒ½æ£€æµ‹åˆ°äº†ä½ç”µé‡
  25          // ä¼šåœ¨å¼€æœºå·¥ä½œæ—¶ æ›´æ–°è¯¥æ ‡å¿—ä½çš„çŠ¶æ€ï¼Œåœ¨å……ç”µæ—¶æ¸…é™¤æ ‡å¿—ä½
  26          extern volatile bit flag_tim_scan_maybe_low_bat;
  27          extern volatile bit flag_tim_set_bat_is_low; // ç”±å®šæ—¶å™¨ç½®ä½/å¤ä½çš„ï¼Œè¡¨ç¤ºåœ¨å·¥ä½œæ—¶ï¼Œç”µæ± 
             -æ˜¯å¦å¤„äºä½ç”µé‡çš„æ ‡å¿—ä½
  28          extern volatile bit flag_ctl_low_bat_alarm;  // æ§åˆ¶æ ‡å¿—ä½ï¼Œæ˜¯å¦ä½¿èƒ½ä½ç”µé‡æŠ¥è­¦
  29          
  30          // extern volatile bit flag_tim_scan_maybe_shut_down; // ç”¨äºç»™å®šæ—¶å™¨æ‰«æçš„æ ‡å¿—ä½ï¼Œå¯èƒ½æ£€æ
             -µ‹åˆ°äº† ç”µæ± ç”µå‹ ä½äº å…³æœºå¯¹åº”çš„ç”µå‹
  31          // extern volatile bit flag_tim_set_shut_down;        // ç”±å®šæ—¶å™¨ç½®ä½/å¤ä½çš„ï¼Œè¡¨ç¤ºåœ¨å·¥ä½œæ—¶
             -ï¼Œæ£€æµ‹åˆ°äº† ç”µæ± ç”µå‹ åœ¨ä¸€æ®µæ—¶é—´å†…éƒ½ä½äº å…³æœºå¯¹åº”çš„ç”µå‹
  32          
  33          extern volatile bit flag_is_disable_to_open; // æ ‡å¿—ä½ï¼Œæ˜¯å¦ä¸ä½¿èƒ½å¼€æœº(ä½ç”µé‡ä¸å…è®¸å¼€æœº
             -)
  34          
  35          extern volatile bit flag_is_enter_low_power; // æ ‡å¿—ä½ï¼Œæ˜¯å¦è¦è¿›å…¥ä½åŠŸè€—
  36          
  37          extern volatile bit flag_tim_scan_maybe_motor_stalling; // ç”¨äºç»™å®šæ—¶å™¨æ‰«æçš„æ ‡å¿—ä½ï¼Œå¯èƒ½æ£
             -€æµ‹åˆ°äº†ç”µæœºå µè½¬
  38          
  39          // å……ç”µæ‰«æä¸æ£€æµ‹
  40          /**
  41           * @brief    å……ç”µã€ç”µæ± çš„æ‰«æå’Œç›¸å…³å¤„ç†
  42                       å¦‚æœä¸€ä¸Šç”µæ£€æµ‹åˆ°ç”µæ± ä¸ºç©ºï¼Œä¸èƒ½è°ƒç”¨è¯¥å‡½æ•°
C51 COMPILER V9.60.7.0   CHARGE                                                            04/16/2025 16:59:28 PAGE 2   

  43                       é™¤äº†å®šæ—¶å™¨ï¼Œå¯ä¾›å¤–éƒ¨æ£€æµ‹çš„æ ‡å¿—ä½ï¼š
  44                          flag_is_in_charging
  45                          flag_bat_is_full
  46           */
  47          void charge_scan_handle(void)
  48          {
  49   1          volatile u16 adc_bat_val = 0;      // å­˜æ”¾æ£€æµ‹åˆ°çš„ç”µæ± ç”µå‹çš„adcå€¼
  50   1          volatile u16 adc_charging_val = 0; // å­˜æ”¾æ£€æµ‹åˆ°çš„å……ç”µç”µå‹çš„adcå€¼
  51   1          static u8 over_charging_cnt = 0;   // å­˜æ”¾è¿‡å……è®¡æ•°
  52   1      
  53   1          adc_sel_channel(ADC_CHANNEL_BAT); // åˆ‡æ¢åˆ°æ£€æµ‹ç”µæ± é™å‹åçš„ç”µå‹çš„æ£€æµ‹å¼•è„š
  54   1          adc_bat_val = adc_get_val();      // æ›´æ–°ç”µæ± å¯¹åº”çš„adå€¼
  55   1      
  56   1          adc_sel_channel(ADC_CHANNEL_CHARGE); // åˆ‡æ¢åˆ°æ£€æµ‹å……ç”µçš„ç”µå‹æ£€æµ‹å¼•è„š(æ£€æµ‹åˆ°çš„å……ç”µç
             -”µå‹ == USB-Cå£ç”µå‹ / 2)
  57   1          adc_charging_val = adc_get_val();    // æ›´æ–°å½“å‰æ£€æµ‹åˆ°çš„å……ç”µç”µå‹å¯¹åº”çš„adå€¼
  58   1      
  59   1          // printf("bat val %u\n", adc_bat_val);
  60   1          // printf("charge val %u\n", adc_charging_val);
  61   1      
  62   1          // ä½ç”µé‡ä¸å…è®¸å¼€æœº
  63   1          if (adc_bat_val < LOW_BAT_ALARM_AD_VAL)
  64   1          {
  65   2              flag_is_disable_to_open = 1;
  66   2          }
  67   1          // else if (adc_bat_val > (LOW_BAT_ALARM_AD_VAL + 15))
  68   1          else
  69   1          {
  70   2              flag_is_disable_to_open = 0;
  71   2              flag_tim_scan_maybe_low_bat = 0;
  72   2          }
  73   1      
  74   1          if (flag_is_in_charging)
  75   1          {
  76   2              // å¦‚æœæ­£åœ¨å……ç”µï¼Œæ£€æµ‹ç”µæ± æ˜¯å¦å……æ»¡ç”µ
  77   2      
  78   2      #if 1 // æ£€æµ‹åœ¨å……ç”µæ—¶ï¼Œç”µæ± æ˜¯å¦å……æ»¡ç”µï¼Œå¹¶åšç›¸åº”çš„å¤„ç†
  79   2      
  80   2              if (0 == flag_bat_is_full)
  81   2              {
  82   3                  // å¦‚æœæ­£åœ¨å……ç”µï¼Œä¸”ç”µæ± æœªå……æ»¡ç”µï¼Œæ£€æµ‹ç”µè§†æ˜¯å¦å¿«å……æ»¡ç”µ æˆ–æ˜¯ ç”µæ± å…
             -…æ»¡ç”µ
  83   3      
  84   3                  // å¦‚æœæ£€æµ‹åˆ°å……æ»¡ç”µï¼ˆå¯èƒ½è§¦å‘äº†ç”µæ± ä¿æŠ¤æ¿çš„è¿‡å……ä¿æŠ¤ï¼‰ï¼Œç›´æ¥è¾“å‡º0
             -%çš„PWM
  85   3                  if (adc_bat_val >= ADCDETECT_BAT_FULL + ADCDETECT_BAT_NULL_EX)
  86   3                  {
  87   4                      // å¦‚æœæ£€æµ‹åˆ°çš„adå€¼æ¯” æ»¡ç”µçš„adå€¼ è¿˜è¦å¤š
  88   4                      // PWMå ç©ºæ¯”è®¾ç½®ä¸º0ï¼Œè®©å ç©ºæ¯”é‡æ–°å¼€å§‹é€’å¢ï¼Œç”µæµä»é›¶å¼€å§‹é€æ¸å¢å¤
             -§
  89   4                      TMR2_PWML = 0; // å ç©ºæ¯” 0%
  90   4                      TMR2_PWMH = 0;
  91   4                      over_charging_cnt++; // è¿‡å……æ£€æµ‹è®¡æ•°åŠ ä¸€
  92   4                      // flag_tim_scan_bat_maybe_full = 1; // (å¯ä»¥ä¸ç”¨ç»™è¿™ä¸ªæ ‡å¿—ä½ç½®ä¸€ï¼Œè¿™é‡Œåªæ
             -˜¯æµ‹è¯•æ—¶ä½¿ç”¨)
  93   4                  }
  94   3                  else if (adc_bat_val >= ADCDETECT_BAT_FULL) // æ£€æµ‹ç”µæ± æ˜¯å¦æ»¡ç”µ
  95   3                  {
  96   4                      // ç»™å¯¹åº”çš„æ ‡å¿—ä½ç½®ä¸€ï¼Œè®©å®šæ—¶å™¨æ¥æ£€æµ‹æ˜¯å¦æŒç»­ä¸€æ®µæ—¶é—´éƒ½æ˜¯æ»¡ç”µ
  97   4                      flag_tim_scan_bat_maybe_full = 1;
  98   4                  }
  99   3                  else if (adc_bat_val >= ADCVAL_NEAR_FULL_CHAGE) // æ£€æµ‹åˆ°æœ‰ä¸€æ¬¡ç”µæ± å¿«å……æ»¡ç”µ
C51 COMPILER V9.60.7.0   CHARGE                                                            04/16/2025 16:59:28 PAGE 3   

 100   3                  {
 101   4                      // å¦‚æœç”µæ± å¿«å……æ»¡ç”µ
 102   4                      flag_tim_scan_bat_maybe_near_full = 1; // è¡¨ç¤ºç”µæ± å¿«å……æ»¡ç”µ
 103   4                  }
 104   3                  else
 105   3                  {
 106   4                      // å¦‚æœæ£€æµ‹åˆ°çš„adå€¼å°äºæ»¡ç”µé˜ˆå€¼
 107   4                      // æ¸…ç©ºå¯¹åº”çš„æ ‡å¿—ä½ï¼Œè®©å®šæ—¶å™¨ä¸æ£€æµ‹æ˜¯å¦æ»¡ç”µ
 108   4                      flag_tim_scan_bat_maybe_full = 0;
 109   4                      flag_tim_scan_bat_maybe_near_full = 0;
 110   4                  }
 111   3      
 112   3                  if (flag_tim_set_bat_is_near_full && 0 == flag_bat_is_near_full)
 113   3                  {
 114   4                      // å¦‚æœç”µæ± æ¥è¿‘æ»¡ç”µï¼Œå…³é—­å……ç”µæ—¶çš„å‘¼å¸ç¯ï¼Œç‚¹äº®ç»¿ç¯ï¼Œä½†æ˜¯ä¸å…³é—­
             -æ§åˆ¶å……ç”µçš„PWM
 115   4                      flag_bat_is_near_full = 1;
 116   4                      delay_ms(1);    // å¿…é¡»è¦ç­‰å¾…å®šæ—¶å™¨å…³é—­å……ç”µæ—¶é—ªçƒçš„å‘¼å¸ç¯
 117   4                      LED_RED_OFF();  // å…³é—­å……ç”µæ—¶é—ªçƒçš„å‘¼å¸ç¯
 118   4                      LED_GREEN_ON(); // å¿«å……æ»¡ç”µæ—¶ï¼Œè®©ç»¿ç¯å¸¸äº®
 119   4                  }
 120   3      
 121   3                  if (flag_tim_set_bat_is_full || (over_charging_cnt >= 8))
 122   3                  // if (flag_tim_set_bat_is_full) // æµ‹è¯•æ—¶ä½¿ç”¨åˆ°çš„æ¡ä»¶
 123   3                  {
 124   4                      // å¦‚æœå®šæ—¶å™¨æ£€æµ‹äº†ä¸€æ®µæ—¶é—´(5s)ï¼Œéƒ½æ˜¯å……æ»¡ç”µçš„çŠ¶æ€ï¼Œæˆ–ç€æ˜¯ç´¯è®¡æœ
             -‰è¿‡å……ï¼Œè¯´æ˜ç”µæ± å……æ»¡ç”µ
 125   4                      over_charging_cnt = 0; // æ¸…é™¤è¿‡å……è®¡æ•°
 126   4                      flag_bat_is_full = 1;  // è¡¨ç¤ºç”µæ± è¢«å……æ»¡ç”µ
 127   4                      tmr2_pwm_disable();    // å…³é—­æ§åˆ¶å‡å‹ç”µè·¯çš„pwm
 128   4                      TMR2_PWML = 0;         // å ç©ºæ¯” 0%
 129   4                      TMR2_PWMH = 0;         //
 130   4                      // flag_is_in_charging = 0; // ä¸èƒ½ç»™è¿™ä¸ªæ ‡å¿—ä½æ¸…é›¶ï¼ˆäº¤ç»™å……ç”µæ‰«ææ¥æ¸…é›
             -¶ï¼‰
 131   4                      // delay_ms(1);    // å¯èƒ½è¦ç­‰å¾…å®šæ—¶å™¨å…³é—­å……ç”µæ—¶é—ªçƒçš„å‘¼å¸ç¯
 132   4                      LED_RED_OFF();  // å…³é—­å……ç”µæ—¶é—ªçƒçš„å‘¼å¸ç¯
 133   4                      LED_GREEN_ON(); // å……æ»¡ç”µæ—¶ï¼Œè®©ç»¿ç¯å¸¸äº®
 134   4                  }
 135   3              } // if (0 == flag_bat_is_full)
 136   2      
 137   2      #endif // æ£€æµ‹åœ¨å……ç”µæ—¶ï¼Œç”µæ± æ˜¯å¦å……æ»¡ç”µï¼Œå¹¶åšç›¸åº”çš„å¤„ç†
 138   2      
 139   2      #if 1 // (è¿™ä¸ªåŠŸèƒ½è¦æ”¾åœ¨è¯¥è¯­å¥å—çš„æœ€å)æ£€æµ‹åœ¨å……ç”µæ—¶ï¼Œæ˜¯å¦æ‹”å‡ºäº†å……ç”µçº¿ï¼Œå¹¶å
             -šç›¸åº”çš„å¤„ç†
 140   2            // å¦‚æœæ­£åœ¨å……ç”µï¼Œæ£€æµ‹æ˜¯å¦æ‹”å‡ºäº†å……ç”µçº¿
 141   2              if (adc_charging_val < ADCDETECT_CHARING_THRESHOLD)
 142   2              {
 143   3                  // ç»™å¯¹åº”çš„æ ‡å¿—ä½ç½®ä¸€ï¼Œå¦‚æœè¿ç»­ xx mséƒ½æ˜¯è¿™ä¸ªçŠ¶æ€ï¼Œè¯´æ˜æ‹”å‡ºäº†å……ç”µå
             -™¨
 144   3                  flag_tim_scan_maybe_not_charge = 1;
 145   3              }
 146   2              else
 147   2              {
 148   3                  flag_tim_scan_maybe_not_charge = 0;
 149   3              }
 150   2      
 151   2              if (0 == flag_tim_set_is_in_charging) // å¦‚æœå®šæ—¶å™¨è¿ç»­ 50 ms éƒ½æ˜¯æ£€æµ‹åˆ°æ‹”å‡ºäº†å……ç”
             -µå™¨
 152   2              {
 153   3                  // å¦‚æœåœ¨å……ç”µæ—¶ï¼Œæ£€æµ‹åˆ°æ‹”å‡ºäº†å……ç”µçº¿
 154   3                  flag_is_in_charging = 0;
 155   3      
C51 COMPILER V9.60.7.0   CHARGE                                                            04/16/2025 16:59:28 PAGE 4   

 156   3                  // æ¸…ç©ºå……ç”µæ—¶ä½¿ç”¨çš„æ ‡å¿—ä½å’Œå˜é‡ï¼š
 157   3                  flag_tim_scan_bat_maybe_full = 0;
 158   3                  flag_tim_scan_bat_maybe_near_full = 0;
 159   3                  // flag_tim_set_bat_is_full = 0; // å¯ä»¥ä¸ç”¨æ¸…é›¶è¿™ä¸ªå˜é‡ï¼Œå®šæ—¶å™¨åç»­ä¼šè‡ªåŠ¨æ
             -¸…é›¶
 160   3                  flag_bat_is_near_full = 0;
 161   3                  flag_bat_is_full = 0;
 162   3                  over_charging_cnt = 0; // æ¸…é™¤è¿‡å……è®¡æ•°
 163   3      
 164   3                  flag_is_enter_low_power = 1; // å…è®¸è¿›å…¥ä½åŠŸè€—
 165   3      
 166   3                  // å¯ä»¥äº¤ç»™ä½åŠŸè€—å‡½æ•°æ¥å…³é—­PWMï¼š
 167   3                  // tmr2_pwm_disable(); // å…³é—­æ§åˆ¶å……ç”µçš„PWMè¾“å‡º
 168   3                  delay_ms(1); // ç­‰å¾…å®šæ—¶å™¨æ¸…ç©ºç›¸åº”çš„å˜é‡å’Œæ ‡å¿—ä½
 169   3                               // å¯ä»¥äº¤ç»™ä½åŠŸè€—å‡½æ•°æ¥å…³ç¯ï¼š
 170   3                               // LED_GREEN_OFF();
 171   3                               // LED_RED_OFF();
 172   3      
 173   3      #if USE_MY_DEBUG
                          printf("uncharging\n");
              #endif // #if USE_MY_DEBUG
 176   3      
 177   3                  // return; // é€€å‡ºå‡½æ•°ï¼Œé˜²æ­¢å†æ‰§è¡Œä¸‹é¢çš„åŠŸèƒ½
 178   3              }
 179   2      #endif // æ£€æµ‹åœ¨å……ç”µæ—¶ï¼Œæ˜¯å¦æ‹”å‡ºäº†å……ç”µçº¿ï¼Œå¹¶åšç›¸åº”çš„å¤„ç†
 180   2      
 181   2          } // if (flag_is_in_charging)
 182   1          else // å¦‚æœä¸åœ¨å……ç”µ
 183   1          {
 184   2      
 185   2      #if 1 // åœ¨è®¾å¤‡å·¥ä½œæ—¶ï¼Œæ£€æµ‹æ˜¯å¦å¤„äºä½ç”µé‡ï¼Œå¹¶è¿›è¡Œç›¸åº”å¤„ç†
 186   2      
 187   2              // if (0 != cur_motor_status || 0 != cur_ctl_heat_status)
 188   2              if (SPEECH_CTL_PIN_OPEN == SPEECH_CTL_PIN) /* å¦‚æœè¯­éŸ³ICè¿˜åœ¨å·¥ä½œï¼Œè¯´æ˜æ²¡æœ‰è¿›å…¥ä½åŠ
             -Ÿè€— */
 189   2              {
 190   3                  // å¦‚æœè®¾å¤‡åœ¨å·¥ä½œ
 191   3                  if (adc_bat_val <= LOW_BAT_ALARM_AD_VAL)
 192   3                  {
 193   4                      // å¦‚æœç”µæ± ç”µå‹ å°äºç­‰äº ä½ç”µé‡æŠ¥è­¦å¯¹åº”çš„ç”µå‹
 194   4                      flag_tim_scan_maybe_low_bat = 1;
 195   4                      // flag_tim_scan_maybe_shut_down = 0; // å½“å‰ç”µæ± ç”µå‹æ­£å¤„äº å…³æœºç”µå‹ ~ ä½ç”µ
             -é‡ä¹‹é—´ï¼Œè¿˜æ²¡åˆ°è¦å…³æœºçš„æƒ…å†µ
 196   4                  }
 197   3                  else
 198   3                  {
 199   4                      // å¦‚æœç”µæ± ç”µå‹ å¤§äº ä½ç”µé‡æŠ¥è­¦å¯¹åº”çš„ç”µå‹
 200   4                      flag_tim_scan_maybe_low_bat = 0;
 201   4                      // flag_tim_scan_maybe_shut_down = 0;
 202   4                  }
 203   3      
 204   3                  // å¦‚æœè¿ç»­ä¸€æ®µæ—¶é—´æ£€æµ‹åˆ°ç”µæ± ç”µå‹ä½äºå…³æœºç”µå‹
 205   3                  // if (flag_tim_set_shut_down)
 206   3                  // {
 207   3                  //     flag_ctl_dev_close = 1;
 208   3                  //     // SPEECH_POWER_DISABLE(); // å…³é—­è¯­éŸ³ICçš„ç”µæº(åœ¨ä½åŠŸè€—å‡½æ•°å†…å…³é—­)
 209   3                  //     flag_is_enter_low_power = 1; // å…è®¸è¿›å…¥ä½åŠŸè€—
 210   3                  // }
 211   3                  // else if (flag_tim_set_bat_is_low && 0 == flag_ctl_low_bat_alarm)
 212   3                  if (flag_tim_set_bat_is_low &&
 213   3                      0 == flag_ctl_low_bat_alarm &&
 214   3                      0 == flag_is_enter_low_power &&
C51 COMPILER V9.60.7.0   CHARGE                                                            04/16/2025 16:59:28 PAGE 5   

 215   3                      0 == flag_tim_scan_maybe_motor_stalling) /* å¦‚æœç”µæœºæœªå µè½¬ */
 216   3                  {
 217   4                      // å¦‚æœè¿ç»­ä¸€æ®µæ—¶é—´æ£€æµ‹åˆ°ç”µæ± ç”µå‹å¤„äºä½ç”µé‡ï¼Œå¹¶ä¸”æ²¡æœ‰æ‰“å¼€ä½ç”µ
             -é‡æŠ¥è­¦
 218   4                      interrupt_led_blink(); // å…³é—­LEDé—ªçƒ
 219   4                      LED_GREEN_OFF();
 220   4                      LED_RED_OFF();
 221   4                      flag_ctl_low_bat_alarm = 1; // ä½¿èƒ½ä½ç”µé‡æŠ¥è­¦
 222   4                  }
 223   3              }
 224   2      #endif // åœ¨è®¾å¤‡å·¥ä½œæ—¶ï¼Œæ£€æµ‹æ˜¯å¦å¤„äºä½ç”µé‡ï¼Œå¹¶è¿›è¡Œç›¸åº”å¤„ç†
 225   2      
 226   2      #if 1 // æ£€æµ‹ä¸åœ¨å……ç”µæ—¶ï¼Œæ˜¯å¦æœ‰æ’å…¥å……ç”µçº¿ï¼Œå¹¶åšç›¸åº”çš„å¤„ç†
 227   2            // å¦‚æœä¸åœ¨å……ç”µï¼Œæ£€æµ‹æ˜¯å¦æ’å…¥äº†å……ç”µçº¿
 228   2              if (adc_charging_val >= ADCDETECT_CHARING_THRESHOLD)
 229   2              {
 230   3                  // ç»™å¯¹åº”çš„æ ‡å¿—ä½ç½®ä¸€ï¼Œå¦‚æœç´¯è®¡ 50 ms éƒ½æ˜¯è¿™ä¸ªçŠ¶æ€ï¼Œè¯´æ˜æ’å…¥äº†å……ç”µ
             -å™¨
 231   3                  flag_tim_scan_maybe_in_charging = 1;
 232   3              }
 233   2              else
 234   2              {
 235   3                  flag_tim_scan_maybe_in_charging = 0;
 236   3              }
 237   2      
 238   2              if (flag_tim_set_is_in_charging) // å¦‚æœå®šæ—¶å™¨ç´¯è®¡ 50 mséƒ½æ˜¯æ£€æµ‹åˆ°æ’å…¥äº†å……ç”µå™¨
 239   2              {
 240   3                  // ç¡®è®¤æ˜¯æ’å…¥å……ç”µçº¿åï¼Œæ— è®ºå¤„äºä»€ä¹ˆçŠ¶æ€ï¼Œéƒ½å˜ä¸ºå…³æœºçŠ¶æ€
 241   3                  flag_is_in_charging = 1;
 242   3      
 243   3                  // æ¸…ç©ºä¸å……ç”µæ—¶ä½¿ç”¨çš„å˜é‡å’Œæ ‡å¿—ä½
 244   3                  flag_tim_scan_maybe_low_bat = 0; // è¡¨ç¤ºä¸å¤„äºä½ç”µé‡
 245   3                  flag_ctl_low_bat_alarm = 0;      // å…³é—­ä½ç”µé‡æŠ¥è­¦
 246   3      
 247   3      #if USE_MY_DEBUG
                          printf("charging\n");
              #endif // #if USE_MY_DEBUG
 250   3      
 251   3                  // åœ¨æµ‹è¯•æ—¶å…³é—­
 252   3                  tmr2_pwm_enable();           // ä½¿èƒ½PWMè¾“å‡º
 253   3                  flag_ctl_dev_close = 1;      // æ§åˆ¶æ ‡å¿—ä½ç½®ä¸€ï¼Œè®©ä¸»å‡½æ•°æ‰«æåˆ°ï¼Œå¹¶å…³æœº
 254   3                  flag_is_enter_low_power = 0; // ä¸è¿›å…¥ä½åŠŸè€—
 255   3      
 256   3                  // flag_ctl_led_blink = 0; // æ‰“æ–­å½“å‰çš„ç¯å…‰é—ªçƒæ•ˆæœ
 257   3                  // delay_ms(1);
 258   3                  interrupt_led_blink();
 259   3                  LED_GREEN_OFF(); // å…³é—­ç»¿ç¯(å¦‚æœç­‰åˆ°ä¸»å¾ªç¯æ‰«æåˆ°å†å…³é—­ç»¿ç¯ï¼Œç¬¬1msä¼šå‡ºç
             -°çº¢ç¯å’Œç»¿ç¯ä¸€èµ·ç‚¹äº®çš„æƒ…å†µ)
 260   3              }
 261   2      #endif // æ£€æµ‹ä¸åœ¨å……ç”µæ—¶ï¼Œæ˜¯å¦æœ‰æ’å…¥å……ç”µçº¿ï¼Œå¹¶åšç›¸åº”çš„å¤„ç†
 262   2          }
 263   1      
 264   1      #if 1 // å……ç”µç”µæµæ§åˆ¶
 265   1      
 266   1          // if (flag_is_in_charging && 0 == flag_bat_is_full)
 267   1          if (flag_is_in_charging)
 268   1          {
 269   2      #if 1 // ä½¿ç”¨è®¡ç®—çš„æ–¹å¼æ¥è°ƒèŠ‚å……ç”µç”µæµ
 270   2      
 271   2              u8 i = 0;                             // å¾ªç¯è®¡æ•°å€¼
 272   2              const u8 max_pwm_val = TMR2_PRL + 1;  // ä¸´æ—¶å­˜æ”¾æœ€å¤§å ç©ºæ¯”å¯¹åº”çš„å€¼
 273   2              volatile u8 last_pwm_val = TMR2_PWML; // è®°å½•ä¹‹å‰çš„pwmå ç©ºæ¯”çš„å€¼
C51 COMPILER V9.60.7.0   CHARGE                                                            04/16/2025 16:59:28 PAGE 6   

 274   2              volatile u16 tmp_val;                 // ä¸´æ—¶å­˜æ”¾éœ€è¦è°ƒèŠ‚çš„å ç©ºæ¯”å¯¹åº”çš„å€¼
 275   2              volatile u16 tmp_bat_val;             // å­˜æ”¾æ£€æµ‹åˆ°çš„ç”µæ± ç”µå‹+è®¡ç®—çš„å‹å·®å¯¹åº”çš„ad
             -cå€¼(å¯ä»¥ä¸åˆå§‹åŒ–)
 276   2              static volatile u16 tmp_val_l[8] = {0};
 277   2              static volatile u8 tmp_val_cnt = 0;
 278   2      
 279   2              tmp_bat_val = adc_bat_val;
 280   2              // tmp_bat_val = (u32)adc_bat_val - ((u32)adc_bat_val * 157 / 1000);
 281   2              // tmp_bat_val = (u32)adc_bat_val - ((u32)adc_bat_val * 800 / 1000);
 282   2              // tmp_bat_val += 2300;
 283   2              if (adc_bat_val <= 2752) // å¦‚æœæ£€æµ‹ç”µæ± ç”µå‹å°äº 6.5Vï¼ˆå®é™…æµ‹è¯•ï¼Œåœ¨è¿™ä¸ªé˜¶æ®µå…
             -…ç”µé€Ÿåº¦ä¼šå¾ˆå¿«ï¼Œæµ‹ä¸å‡ºç¨³å®šå……ç”µæ—¶çš„ç”µæµï¼‰
 284   2              {
 285   3                  // tmp_bat_val = (adc_bat_val + (37)); /*  */
 286   3                  // tmp_bat_val += ((37 + 25)); /*  */
 287   3                  // tmp_bat_val += ((37 + 35)); /*  */
 288   3                  tmp_bat_val += ((80)); /*  */
 289   3                  // tmp_bat_val += ((37 + 50)); /*   */
 290   3                  // tmp_bat_val += ((37 + 70)); /*  */
 291   3                  // tmp_bat_val = (adc_bat_val + (37 + 40)); /* 6.40--1.07ï¼Œ */
 292   3              }
 293   2              else if (adc_bat_val <= 2837) // å¦‚æœæ£€æµ‹ç”µæ± ç”µå‹å°äº 6.7V
 294   2              {
 295   3                  // tmp_bat_val = (adc_bat_val + (40)); /*  6.6--0.93 */
 296   3                  // tmp_bat_val += (20);
 297   3                  // tmp_bat_val += (25);
 298   3                  tmp_bat_val += (60); /*  */
 299   3                  // tmp_bat_val += (70); /*  */
 300   3                  // tmp_bat_val += (80); /*  */
 301   3                  // tmp_bat_val += (90); /*  */
 302   3                  // tmp_bat_val += (100); /*  */
 303   3                  // tmp_bat_val += (30);
 304   3                  // tmp_bat_val += (40);
 305   3              }
 306   2              else if (adc_bat_val <= 2964) // å¦‚æœæ£€æµ‹ç”µæ± ç”µå‹å°äº 7.0V
 307   2              {
 308   3                  // tmp_bat_val -= 150;
 309   3                  // tmp_bat_val = (adc_bat_val + (40)); /*  6.6--0.93 */
 310   3                  tmp_bat_val += (20); /*  */
 311   3                  // tmp_bat_val += (40); /*  */
 312   3      
 313   3                  // tmp_bat_val += (200); /*  */
 314   3                  // tmp_bat_val += (400); /*  */
 315   3                  // tmp_bat_val += (480); /*  */
 316   3                  // tmp_bat_val += (500); /*  */
 317   3                  // tmp_bat_val += (600); /*  */
 318   3              }
 319   2              else if (adc_bat_val <= 3091) // å¦‚æœåšæŒç”µæ± ç”µå‹å°äº 7.3V
 320   2              {
 321   3                  // tmp_bat_val = (adc_bat_val + 16);
 322   3                  // tmp_bat_val += (10);
 323   3                  // tmp_bat_val -= (5);
 324   3                  // tmp_bat_val -= (10); /* åˆ°äº†7.2V--1.3A */
 325   3                  // tmp_bat_val -= (15);
 326   3                  // tmp_bat_val -= (20);
 327   3                  tmp_bat_val -= 25; /* 7.23--1.16 */
 328   3                  // tmp_bat_val -= (30); /* 7.17--0.97 */
 329   3              }
 330   2              // else if (adc_bat_val <= 3227) // å¦‚æœæ£€æµ‹ç”µæ± ç”µå‹å°äº 7.62V
 331   2              else
 332   2              {
 333   3                  // tmp_bat_val = (adc_bat_val + (0));
C51 COMPILER V9.60.7.0   CHARGE                                                            04/16/2025 16:59:28 PAGE 7   

 334   3                  // tmp_bat_val += (0);
 335   3                  // tmp_bat_val -= 60;
 336   3      
 337   3                  // tmp_bat_val -=25;
 338   3                  // u16 tmp_u16 = (adc_bat_val - 3091) / 2;
 339   3                  // for (i = 0; i < tmp_u16; i++)
 340   3                  // {
 341   3                  //     tmp_bat_val--;
 342   3                  // }
 343   3                  #if 0
                          // ç”µæ± ç”µå‹è¶Šå¤§ï¼Œéœ€è¦ä¿®æ”¹çš„è¡¥å¿å€¼è¶Šå¤§ï¼Œé€šè¿‡å¾ªç¯æ¥å¤„ç†
                          u16 tmp_u16 = (adc_bat_val - 3091) / 2;
                          for (i = 0; i < tmp_u16; i++)
                          {
                              // tmp_bat_val -= 1;
                              tmp_bat_val -= 2;
                              // tmp_bat_val -= 3;// åˆ°åé¢ç”µæ± ç”µå‹è¶Šé«˜ï¼Œç”µæµè¶Šå°
                              // tmp_bat_val -= 4; // åˆ°åé¢ç”µæ± ç”µå‹è¶Šé«˜ï¼Œç”µæµè¶Šå°
                          }
              
                          // tmp_bat_val += 40;
                          // tmp_bat_val += 80;
                          // tmp_bat_val += 120;
                          // tmp_bat_val += 130; // 0.8-0.9A
                          // tmp_bat_val += 140;
                          // tmp_bat_val += 145;
                          tmp_bat_val += 150;
                          // tmp_bat_val += 160;
                          #endif
 363   3      
 364   3                  // tmp_bat_val -= -0.762(adc_bat_val - 3091) + 79;
 365   3                  u16 tmp = (u32)(adc_bat_val - 3091) * 381 / 500;
 366   3                  if (tmp >= 79) // å¦‚æœadc_bat_valå¤§äºç­‰äº3195ï¼Œç”µæ± ä¸€ä¾§ç”µå‹è‡³å°‘å¤§äº7.54
 367   3                  {
 368   4                      tmp_bat_val += (tmp - 79);
 369   4                  }
 370   3                  else
 371   3                  {
 372   4                      tmp_bat_val -= (79 - tmp);
 373   4                  }
 374   3                  
 375   3      
 376   3              }
 377   2              // else // å¦‚æœåœ¨å……ç”µæ—¶æ£€æµ‹åˆ°ç”µæ± ç”µå‹å¤§äº
 378   2              // {
 379   2              //     // tmp_bat_val = (u32)adc_bat_val - ((u32)adc_bat_val * 157 / 1000 - 522);
 380   2              //     // tmp_bat_val -= ((u32)adc_bat_val * 157 / 1000 - 522);
 381   2              //     // tmp_bat_val -= ((u32)adc_bat_val * 157 / 1000 - 500);
 382   2              //     tmp_bat_val -= ((u32)adc_bat_val * 157 / 1000 - 480);
 383   2      
 384   2              //     // tmp_bat_val = (u32)adc_bat_val - ((u32)adc_bat_val * 157 / 1000 - 522) + (15); /* å®é™…
             -æµ‹è¯•ï¼Œåœ¨æœ€åå‡å»215çš„è¡¥å¿ä¸‹ï¼Œ */
 385   2              // }
 386   2              // else // å¦‚æœç”µæ± ç”µå‹å¤§äº8.2Vï¼Œæ§åˆ¶ç”µæµä¸è¶…è¿‡600mA
 387   2              // {
 388   2      
 389   2              // }
 390   2      
 391   2              /* tmp_bat_valè¶Šå¤§ï¼Œæœ€ç»ˆå……ç”µç”µæµä¹Ÿä¼šè¶Šå¤§ï¼Œè¿™é‡Œè¦å¯¹å®ƒåšè¡¥å¿ï¼Œtmp_bat_valè¶Šå
             -¤§ï¼Œè¡¥å¿ä¹Ÿè¦ç›¸åº”å¢å¤§ */
 392   2              // tmp_bat_val = (u32)adc_bat_val - ((u32)adc_bat_val * 800 / 1000);
 393   2              // tmp_bat_val += 15;
C51 COMPILER V9.60.7.0   CHARGE                                                            04/16/2025 16:59:28 PAGE 8   

 394   2              // tmp_bat_val += 25;
 395   2              // tmp_bat_val += 50;
 396   2              // tmp_bat_val += 100;
 397   2              // tmp_bat_val += 115;
 398   2              // tmp_bat_val += 200;
 399   2              // tmp_bat_val += 350;
 400   2              // tmp_bat_val += 400;
 401   2              // tmp_bat_val += 500;
 402   2              // tmp_bat_val += 600;
 403   2              // tmp_bat_val += 800;
 404   2              // tmp_bat_val += 1000;
 405   2              // tmp_bat_val += 1100;
 406   2              // tmp_bat_val += 1200;
 407   2              // tmp_bat_val += 2000;
 408   2              // tmp_bat_val += 2100;
 409   2              // tmp_bat_val += 2200;
 410   2              // tmp_bat_val += 2300;
 411   2              // tmp_bat_val += 2500;
 412   2      
 413   2      #if 1 // è¡¥å¿å¼€å…³
 414   2              {
 415   3                  // u16 i;
 416   3                  // for (i = 0; i < 50; i++) //
 417   3                  // for (i = 0; i < 80; i++) //
 418   3                  for (i = 0; i < 120; i++) // ===================
 419   3                  // for (i = 0; i < 125; i++) //
 420   3                  // for (i = 0; i < 150; i++) //
 421   3                  // for (i = 0; i < 300; i++) //
 422   3                  // for (i = 0; i < 1000; i++) //
 423   3                  {
 424   4                      if (tmp_bat_val > 2) // tmp_bat_valä¸èƒ½ç­‰äº0
 425   4                      {
 426   5                          tmp_bat_val--;
 427   5                      }
 428   4                  }
 429   3              }
 430   2      #endif // è¡¥å¿å¼€å…³
 431   2      
 432   2              if (adc_bat_val >= 3472) // å¤§äº8.2V,å°†ç”µæµè°ƒèŠ‚è‡³500-600mA
 433   2              {
 434   3                  // tmp_bat_val -= 20;
 435   3              }
 436   2      
 437   2              tmp_val = max_pwm_val - ((u32)adc_charging_val * max_pwm_val * 94 / 147) / tmp_bat_val;
 438   2      
 439   2              // é‡æ–°è®¡ç®—äº†åˆ†å‹ç³»æ•°çš„å…¬å¼ï¼ˆå®é™…æµ‹è¯•å‘ç°ç”µæµä¼šæ¯”æœªé‡æ–°è®¡ç®—çš„ï¼Œç”µæµ
             -è¿˜è¦å¤§ï¼Œæ–œç‡ä¹Ÿæ›´å¤§ï¼‰ï¼š
 440   2              // tmp_val = max_pwm_val - ((u32)adc_charging_val * max_pwm_val * 165 / 266) / tmp_bat_val;
 441   2      
 442   2              if (tmp_val >= max_pwm_val)
 443   2              {
 444   3                  // å¦‚æœPWMå ç©ºæ¯”å¯¹åº”çš„å€¼ å¤§äº æœ€å¤§å ç©ºæ¯”å¯¹åº”çš„å€¼ï¼Œè¯´æ˜è®¡ç®—æº¢å‡ºï¼ˆå
             -¯èƒ½æ˜¯ç”µæ± ç”µå‹è¿‡å°ï¼‰ï¼ŒæŒ‰0å¤„ç†
 445   3                  tmp_val = 0;
 446   3              }
 447   2      
 448   2              // æ»¤æ³¢æ“ä½œï¼Œä¸€å¼€å§‹tmp_valä¼šå¾ˆå°ï¼Œé‡‡é›†å¤šæ¬¡åè¶‹äºä¸€ä¸ªå¹³å‡å€¼ï¼š
 449   2              // å¦‚æœä¸æ»¤æ³¢ï¼Œå……ç”µç”µæµä¼šé¢‘ç¹è·³åŠ¨
 450   2              tmp_val_cnt++;
 451   2              tmp_val_cnt &= 0x07;
 452   2              tmp_val_l[tmp_val_cnt] = (tmp_val_l[tmp_val_cnt] + tmp_val) >> 1;
 453   2              tmp_val = 0;
C51 COMPILER V9.60.7.0   CHARGE                                                            04/16/2025 16:59:28 PAGE 9   

 454   2              for (i = 0; i < 8; i++)
 455   2              {
 456   3                  tmp_val += tmp_val_l[i];
 457   3              }
 458   2              tmp_val >>= 3;
 459   2      
 460   2              if ((u8)tmp_val > last_pwm_val)
 461   2              {
 462   3                  // last_pwm_val = last_pwm_val + 1;
 463   3                  last_pwm_val++;
 464   3              }
 465   2              else if ((u8)tmp_val < last_pwm_val)
 466   2              // else // ä¸èƒ½ç›´æ¥ç”¨elseï¼Œå¦‚æœå‡åˆ°0è¿˜åœ¨ç»§ç»­å‡å°ï¼Œä¼šå¯¼è‡´æ•°æ®æº¢å‡º
 467   2              {
 468   3                  // last_pwm_val = last_pwm_val - 1;
 469   3                  if (last_pwm_val > 1) // é˜²æ­¢å‡åˆ°0è¿˜åœ¨ç»§ç»­å‡ï¼Œå¯¼è‡´æº¢å‡º
 470   3                      last_pwm_val--;
 471   3              }
 472   2      
 473   2              TMR2_PWML = last_pwm_val % 256;
 474   2              // TMR2_PWMH = last_pwm_val / 256;  // æœ€å¤§å ç©ºæ¯”çš„å€¼ä¸è¶…è¿‡255ï¼Œä¸ºäº†èŠ‚çœç¨‹åºç©ºé—
             -´ï¼Œå¯ä»¥ä¸ç”¨é…ç½®é«˜8ä½çš„å¯„å­˜å™¨
 475   2              TMR2_PWMH = 0;
 476   2      
 477   2              // å……ç”µæ—¶ï¼Œæ¯éš”ä¸€æ®µæ—¶é—´å†è°ƒæ•´ä¸€æ¬¡PWMå ç©ºæ¯”ï¼Œå¦åˆ™å……ç”µç”µæµè·³åŠ¨ä¼šå¾ˆå‰å®
             -³
 478   2              // delay_ms(100);
 479   2      
 480   2      #endif // ä½¿ç”¨è®¡ç®—çš„æ–¹å¼æ¥è°ƒèŠ‚å……ç”µç”µæµ
 481   2      
 482   2      #if 0 // ä½¿ç”¨æ£€æµ‹ç”µæ± ç”µå‹å˜åŒ–çš„æ–¹æ³•æ¥æ§åˆ¶å……ç”µç”µæµï¼ˆå¯ä»¥è§£å†³ä¸åŒå……ç”µçº¿é€ æˆç
             -š„å½±å“ï¼Œä½†æ˜¯ä¸åŒçš„ç”µæ± ï¼Œå……ç”µç”µæµä¸åŒï¼‰
              
              /*
                  å……ç”µæ—¶çš„ç”µæ± ç”µå‹adå€¼å’Œæœªå……ç”µæ—¶ç”µæ± ç”µå‹adå€¼ï¼Œä»–ä»¬ä¹‹å‰çš„adå€¼å·®å€¼
              
                  å°†åŸæ¥çš„æ£€æµ‹ç”µæ± ç”µå‹çš„1Mä¸Šæ‹‰ã€470Kä¸‹æ‹‰ï¼Œæ”¹ä¸º
                  1Mä¸Šæ‹‰ï¼Œ330Kä¸‹æ‹‰ï¼Œ
                  æ£€æµ‹ç”µæ± ç”µå‹çš„åˆ†å‹ç³»æ•° == 330K / (1M + 330K)
                  çº¦ä¸º 0.24812030075187969924812030075188
              
                  å¦‚æœç”¨å†…éƒ¨ 2.4 Vå‚è€ƒç”µå‹ï¼Œ12ä½ç²¾åº¦ï¼ˆ0-4096ï¼‰ï¼Œ
                  é‚£ä¹ˆ 1å•ä½adå€¼ ç›¸å½“äºç”µæ± ç”µæ± ç”µå‹ï¼š
                  0.00236150568181818181818181818182 V
              
                  42ï¼Œçº¦ä¸º0.1V
              */
              // #define ADC_BAT_DIFF_VAL (42)
              // #define ADC_BAT_DIFF_VAL (84)
              // #define ADC_BAT_DIFF_VAL (100)
              // #define ADC_BAT_DIFF_VAL (105)
              // #define ADC_BAT_DIFF_VAL (107)
              // #define ADC_BAT_DIFF_VAL (110)
              #define ADC_BAT_DIFF_VAL (120)
              #define WAIT_CIRCUIT_STABLIZE_TIMES (5) // ç­‰å¾…ç”µè·¯ç¨³å®šæ—¶é—´
              // #define WAIT_CIRCUIT_STABLIZE_TIMES (10) // ç­‰å¾…ç”µè·¯ç¨³å®šæ—¶é—´
              
              
                      u8 i = 0;                             // å¾ªç¯è®¡æ•°å€¼
                      const u8 max_pwm_val = TMR2_PRL + 1;  // ä¸´æ—¶å­˜æ”¾æœ€å¤§å ç©ºæ¯”å¯¹åº”çš„å€¼
                      volatile u8 last_pwm_val = TMR2_PWML; // è®°å½•ä¹‹å‰çš„pwmå ç©ºæ¯”çš„å€¼
                      // volatile u16 tmp_val;             // ä¸´æ—¶å­˜æ”¾éœ€è¦è°ƒèŠ‚çš„å ç©ºæ¯”å¯¹åº”çš„å€¼
C51 COMPILER V9.60.7.0   CHARGE                                                            04/16/2025 16:59:28 PAGE 10  

                      // volatile u16 tmp_bat_val;             // å­˜æ”¾æ£€æµ‹åˆ°çš„ç”µæ± ç”µå‹+è®¡ç®—çš„å‹å·®å¯¹åº”çš
             -„adcå€¼(å¯ä»¥ä¸åˆå§‹åŒ–)
              
                      u16 adc_bat_val_when_charging;     // å……ç”µæ—¶çš„ç”µæ± ç”µå‹
                      u16 adc_bat_val_when_not_charging; // æœªå……ç”µæ—¶çš„ç”µæ± ç”µå‹
                      u8 adjust_pwm_val_dir;
              
                      tmr2_pwm_enable(); // ä½¿èƒ½å‡å‹çš„PWM
                      delay_ms(WAIT_CIRCUIT_STABLIZE_TIMES);
                      adc_sel_channel(ADC_CHANNEL_BAT);
                      adc_bat_val_when_charging = adc_get_val();
              
                      tmr2_pwm_disable(); // ä¸ä½¿èƒ½å‡å‹çš„PWM
                      delay_ms(WAIT_CIRCUIT_STABLIZE_TIMES);
                      adc_bat_val_when_not_charging = adc_get_val();
              
                      if (adc_bat_val_when_charging > adc_bat_val_when_not_charging) /* å¦‚æœå……ç”µæ—¶ï¼Œæµ‹å¾—çš„adå€¼
             -æ¯”æ²¡æœ‰å……ç”µæ—¶çš„adå€¼å¤§ */
                      {
                          if ((adc_bat_val_when_charging - adc_bat_val_when_not_charging) > ADC_BAT_DIFF_VAL) /* å¦‚æœå
             -……ç”µæ—¶å’Œæ²¡æœ‰å……ç”µæ—¶çš„å·®å€¼å¤§äºè®¾å®šçš„å·®å€¼ */
                          {
                              adjust_pwm_val_dir = 0;
                          }
                          else
                          {
                              adjust_pwm_val_dir = 1;
                          }
                      }
                      else
                      {
                          // last_pwm_val++;
                          adjust_pwm_val_dir = 1;
                      }
              
                      if (adjust_pwm_val_dir)
                      {
                          if (last_pwm_val < max_pwm_val)
                          {
                              last_pwm_val++;
                          }
                      }
                      else
                      {
                          if (last_pwm_val >= 1)
                          {
                              last_pwm_val--;
                          }
                      }
              
                      tmr2_pwm_enable(); // ä½¿èƒ½å‡å‹çš„PWM
                      TMR2_PWML = last_pwm_val % 256;
                      // TMR2_PWMH = last_pwm_val / 256;  // æœ€å¤§å ç©ºæ¯”çš„å€¼ä¸è¶…è¿‡255ï¼Œä¸ºäº†èŠ‚çœç¨‹åºç©ºé—
             -´ï¼Œå¯ä»¥ä¸ç”¨é…ç½®é«˜8ä½çš„å¯„å­˜å™¨
                      TMR2_PWMH = 0;
              
                      // å……ç”µæ—¶ï¼Œæ¯éš”ä¸€æ®µæ—¶é—´å†è°ƒæ•´ä¸€æ¬¡PWMå ç©ºæ¯”ï¼Œå¦åˆ™å……ç”µç”µæµè·³åŠ¨ä¼šå¾ˆå‰å®
             -³
                      // delay_ms(100);
              #endif
 568   2      
 569   2          } // if (flag_is_in_charging)
C51 COMPILER V9.60.7.0   CHARGE                                                            04/16/2025 16:59:28 PAGE 11  

 570   1      #endif // å……ç”µç”µæµæ§åˆ¶
 571   1      }


MODULE INFORMATION:   STATIC OVERLAYABLE
   CODE SIZE        =    693    ----
   CONSTANT SIZE    =   ----    ----
   XDATA SIZE       =   ----    ----
   PDATA SIZE       =   ----    ----
   DATA SIZE        =     18      13
   IDATA SIZE       =   ----    ----
   BIT SIZE         =   ----    ----
END OF MODULE INFORMATION.


C51 COMPILATION COMPLETE.  1 WARNING(S),  0 ERROR(S)
