C51 COMPILER V9.60.7.0   HEATING                                                           02/17/2025 17:51:45 PAGE 1   


C51 COMPILER V9.60.7.0, COMPILATION OF MODULE HEATING
OBJECT MODULE PLACED IN .\Release\Objects\heating.obj
COMPILER INVOKED BY: C:\Keil_v5\C51\BIN\C51.EXE ..\..\App\heating.c OPTIMIZE(8,SIZE) BROWSE INTVECTOR(0X8000) INCDIR(..\
                    -..\Libraries\Include;..\..\User;..\..\Hardware;..\..\App) INTERVAL(3) DEBUG OBJECTEXTEND PRINT(.\Release\Listings\heatin
                    -g.lst) OBJECT(.\Release\Objects\heating.obj)

line level    source

   1          #include "heating.h"
*** WARNING C322 IN LINE 71 OF \BaiduSyncdisk\A_WorkSt\Aworkst\2025-01-22-project250122-ËÕĞÀ-°´Ä¦ÒÇÓïÒô¿î-SX384\code\pro
             -ject-250122-TX8C1011\Libraries\Include\debug.h: unknown identifier
   2          
   3          // è®°å½•å¹¶æ§åˆ¶å½“å‰åŠ çƒ­çš„çŠ¶æ€
   4          // 0--åˆå§‹å€¼ï¼Œæ— çŠ¶æ€ï¼ˆä¼šå…³é—­åŠ çƒ­ï¼‰
   5          // 1--åŠ çƒ­ä¸€æ¡£
   6          // 2--åŠ çƒ­äºŒæ¡£
   7          volatile u8 cur_ctl_heat_status = 0;
   8          
   9          extern volatile bit flag_ctl_led_blink;
  10          extern volatile bit flag_ctl_low_bat_alarm; // æ§åˆ¶æ ‡å¿—ä½ï¼Œæ˜¯å¦ä½¿èƒ½ä½ç”µé‡æŠ¥è­¦
  11          
  12          // åˆå§‹åŒ–æ§åˆ¶åŠ çƒ­çš„å¼•è„š
  13          void heating_pin_config(void)
  14          {
  15   1          // é…ç½®ä¸ºè¾“å‡ºæ¨¡å¼
  16   1          // å‡è®¾æ˜¯ ç”¨ P14 æ§åˆ¶åŠ çƒ­
  17   1          P1_MD1 |= 0x01;
  18   1          // P14 = 0;
  19   1      }
  20          
  21          #if 1
  22          // å…³é—­åŠ çƒ­(è°ƒç”¨å‰éœ€è¦æ³¨æ„ï¼Œæ˜¯ä¸æ˜¯è¦å…ˆå…³é—­å½“å‰æ­£åœ¨æ‰§è¡Œçš„ç¯å…‰é—ªçƒåŠŸèƒ½)
  23          void fun_ctl_close_heat(void)
  24          {
  25   1          cur_ctl_heat_status = 0; // æ¸…é›¶ï¼Œåœ¨å®šæ—¶å™¨ä¸­ä¼šå…³é—­åŠ çƒ­
  26   1      
  27   1          // å¦‚æœä¸å¤„äºä½ç”µé‡æŠ¥è­¦çŠ¶æ€ï¼Œä½ç”µé‡æŠ¥è­¦çŠ¶æ€åªæœ‰çº¢ç¯é—ªçƒ
  28   1          if (0 == flag_ctl_low_bat_alarm)
  29   1          {
  30   2              LED_RED_OFF(); // å…³é—­çº¢è‰²æŒ‡ç¤ºç¯
  31   2      
  32   2              if (0 != cur_motor_status)
  33   2              {
  34   3                  // å¦‚æœç”µæœºè¿˜åœ¨è¿è¡Œï¼Œæ‰æ˜¾ç¤ºç»¿ç¯
  35   3                  // é˜²æ­¢å…³é—­äº†ç”µæœºï¼Œæ‰“å¼€äº†åŠ çƒ­ï¼Œåˆå…³é—­åŠ çƒ­çš„æƒ…å†µ
  36   3                  LED_GREEN_ON(); // æ˜¾ç¤ºç»¿ç¯
  37   3              }
  38   2          }
  39   1      }
  40          
  41          /**
  42           * @brief æ§åˆ¶åŠ çƒ­çŠ¶æ€
  43           *          å¦‚æœè¦æ ¹æ®ä¼ å‚æ¥è°ƒèŠ‚æŒ¡ä½ï¼Œä¼šæ”¹å˜ å…¨å±€å˜é‡ cur_ctl_heat_status çš„çŠ¶æ€
  44           *
  45           * @param adjust_heat_status è¦è°ƒèŠ‚åˆ°çš„æŒ¡ä½
  46           *                          0--æ ¹æ®å…¨å±€å˜é‡ cur_ctl_heat_status çš„çŠ¶æ€æ¥è‡ªåŠ¨è°ƒèŠ‚
  47           *                          1--è°ƒèŠ‚ä¸º1æ¡£
  48           *                          2--è°ƒèŠ‚ä¸º2æ¡£
  49           *                          3--å…³é—­åŠ çƒ­
  50           *                          å…¶ä»–--å‡½æ•°ç›´æ¥è¿”å› ï¼ˆä¸ºäº†èŠ‚çœç¨‹åºç©ºé—´ï¼Œè¿™é‡Œæ²¡æœ‰åŠ ï¼‰
  51           */
C51 COMPILER V9.60.7.0   HEATING                                                           02/17/2025 17:51:45 PAGE 2   

  52          void fun_ctl_heat_status(u8 adjust_heat_status)
  53          {
  54   1      #if 0  // å¯ä»¥èŠ‚çœ4å­—èŠ‚ç¨‹åºç©ºé—´
                  if (adjust_heat_status >= 4)
                  {
                      return; // ä¼ å‚æœ‰è¯¯ï¼Œç›´æ¥è¿”å›
                  }
              #endif // å¯ä»¥èŠ‚çœ4å­—èŠ‚ç¨‹åºç©ºé—´
  60   1      
  61   1          flag_ctl_led_blink = 0; // æ‰“æ–­å½“å‰æ­£åœ¨é—ªçƒçš„åŠŸèƒ½
  62   1          delay_ms(1); // ç­‰å¾…å®šæ—¶å™¨ä¸­æ–­å†…éƒ¨æ¸…ç©ºé—ªçƒåŠŸèƒ½å¯¹åº”çš„æ ‡å¿—å’Œå˜é‡
  63   1      
  64   1          if (0 == adjust_heat_status)
  65   1          {
  66   2              // å¦‚æœæ˜¯è¦æ ¹æ® å…¨å±€å˜é‡ cur_ctl_heat_status æ¥è‡ªåŠ¨è°ƒèŠ‚
  67   2              if (0 == cur_ctl_heat_status)
  68   2              {
  69   3                  cur_ctl_heat_status = 1;
  70   3              }
  71   2              else if (1 == cur_ctl_heat_status)
  72   2              {
  73   3                  cur_ctl_heat_status = 2;
  74   3              }
  75   2              else if (2 == cur_ctl_heat_status)
  76   2              {
  77   3                  // å…³é—­åŠ çƒ­
  78   3                  fun_ctl_close_heat();
  79   3              }
  80   2          }
  81   1          else
  82   1          {
  83   2              // æ ¹æ®ä¼ å‚æ¥è°ƒèŠ‚å½“å‰çš„åŠ çƒ­æŒ¡ä½
  84   2              if (adjust_heat_status == 3)
  85   2              {
  86   3                  // å¦‚æœæ˜¯è¦å…³é—­åŠ çƒ­
  87   3                  fun_ctl_close_heat();
  88   3              }
  89   2              else
  90   2              {
  91   3                  cur_ctl_heat_status = adjust_heat_status;
  92   3              }
  93   2          }
  94   1      
  95   1          // å¦‚æœåŠ çƒ­æ²¡æœ‰å…³é—­ï¼Œå¼€å¯å¯¹åº”çš„ç¯å…‰é—ªçƒæ•ˆæœ:
  96   1          // å¦‚æœä¸å¤„äºä½ç”µé‡æŠ¥è­¦çŠ¶æ€ï¼Œä½ç”µé‡æŠ¥è­¦çŠ¶æ€åªæœ‰çº¢ç¯é—ªçƒ
  97   1          if (0 == flag_ctl_low_bat_alarm)
  98   1          {
  99   2              if (0 != cur_ctl_heat_status)
 100   2              {
 101   3                  LED_GREEN_OFF();
 102   3                  LED_RED_ON();
 103   3                  cur_sel_led = CUR_SEL_LED_RED;
 104   3                  cur_ctl_led_blink_cnt = cur_ctl_heat_status; // ç¯å…‰é—ªçƒæ¬¡æ•°ä¸å½“å‰åŠ çƒ­çš„æŒ¡ä½æœ‰å
             -…³
 105   3                  flag_ctl_led_blink = 1;
 106   3              }
 107   2          }
 108   1      }
 109          #endif


MODULE INFORMATION:   STATIC OVERLAYABLE
C51 COMPILER V9.60.7.0   HEATING                                                           02/17/2025 17:51:45 PAGE 3   

   CODE SIZE        =     96    ----
   CONSTANT SIZE    =   ----    ----
   XDATA SIZE       =   ----    ----
   PDATA SIZE       =   ----    ----
   DATA SIZE        =      1       1
   IDATA SIZE       =   ----    ----
   BIT SIZE         =   ----    ----
END OF MODULE INFORMATION.


C51 COMPILATION COMPLETE.  1 WARNING(S),  0 ERROR(S)
