C51 COMPILER V9.60.7.0   KEY                                                               02/26/2025 17:57:49 PAGE 1   


C51 COMPILER V9.60.7.0, COMPILATION OF MODULE KEY
OBJECT MODULE PLACED IN .\Release\Objects\key.obj
COMPILER INVOKED BY: C:\Keil_v5\C51\BIN\C51.EXE ..\..\Hardware\key.c OPTIMIZE(9,SIZE) BROWSE INTVECTOR(0X8000) INCDIR(..
                    -\..\Libraries\Include;..\..\User;..\..\Hardware;..\..\App) INTERVAL(3) DEBUG OBJECTEXTEND PRINT(.\Release\Listings\key.l
                    -st) OBJECT(.\Release\Objects\key.obj)

line level    source

   1          #include "key.h"
*** WARNING C322 IN LINE 71 OF \BaiduSyncdisk\A_WorkSt\Aworkst\2025-01-22-project250122-ËÕĞÀ-°´Ä¦ÒÇÓïÒô¿î-SX384\code\pro
             -ject-250122-TX8C1011\Libraries\Include\debug.h: unknown identifier
   2          
   3          // ===================================================
   4          // æŒ‰é”®ç›¸å…³é…ç½®                                      //
   5          // ===================================================
   6          #define KEY_FILTER_TIMES (3) // æŒ‰é”®æ¶ˆæŠ–æ¬¡æ•° (æ¶ˆæŠ–æ—¶é—´ == æ¶ˆæŠ–æ¬¡æ•° * æŒ‰é”®æ‰«ææ—¶é—´)
   7          volatile u8 key_event;       // å­˜æ”¾æŒ‰é”®äº‹ä»¶çš„å˜é‡
   8          
   9          enum
  10          {
  11              KEY_ID_NONE = 0,
  12              KEY_ID_MODE,
  13              KEY_ID_HEAT,
  14          };
  15          
  16          // å®šä¹‰æŒ‰é”®çš„äº‹ä»¶
  17          enum
  18          {
  19              KEY_EVENT_NONE = 0,
  20              KEY_EVENT_MODE_CLICK,
  21              KEY_EVENT_MODE_HOLD,
  22              KEY_EVENT_HEAT_CLICK,
  23          };
  24          
  25          extern volatile bit flag_ctl_dev_close; // æ§åˆ¶æ ‡å¿—ä½ï¼Œæ˜¯å¦è¦å…³é—­è®¾å¤‡
  26          
  27          extern volatile bit flag_is_in_charging;
  28          
  29          extern volatile bit flag_is_enter_low_power; // æ ‡å¿—ä½ï¼Œæ˜¯å¦è¦è¿›å…¥ä½åŠŸè€—
  30          extern volatile bit flag_is_disable_to_open; // æ ‡å¿—ä½ï¼Œæ˜¯å¦ä¸ä½¿èƒ½å¼€æœº(ä½ç”µé‡ä¸å…è®¸å¼€æœº
             -)
  31          
  32          extern void fun_ctl_motor_status(u8 adjust_motor_status);
  33          extern void fun_ctl_power_on(void);
  34          extern void fun_ctl_power_off(void);
  35          extern void fun_ctl_heat_status(u8 adjust_heat_status);
  36          
  37          // void key_config(void)
  38          // {
  39          //     // ä¸Šæ‹‰ï¼š
  40          //     P0_PU |= 0x01 << 7;
  41          //     P1_PU |= 0x01;
  42          //     P0_MD1 &= ~(0x03 << 6); // P07 è¾“å…¥æ¨¡å¼
  43          //     P1_MD0 &= ~0x03;        // P10 è¾“å…¥æ¨¡å¼
  44          // }
  45          
  46          // adæŒ‰é”®æ‰«ææ£€æµ‹å‡½æ•°ï¼Œéœ€è¦æ”¾åˆ°å‘¨æœŸä¸º10msçš„å¾ªç¯å†…æ‰§è¡Œ
  47          void key_scan_10ms_isr(void)
  48          {
  49   1          u8 i = 0; // å¾ªç¯è®¡æ•°å€¼
  50   1          static volatile u8 last_key_id = KEY_ID_NONE;
C51 COMPILER V9.60.7.0   KEY                                                               02/26/2025 17:57:49 PAGE 2   

  51   1          static volatile u8 press_cnt = 0; // æŒ‰é”®æŒ‰ä¸‹çš„æ—¶é—´è®¡æ•°
  52   1          // static volatile u8 filter_cnt = 0;              // æŒ‰é”®æ¶ˆæŠ–ï¼Œä½¿ç”¨çš„å˜é‡
  53   1          // static volatile u8 filter_key_id = KEY_ID_NONE; // æŒ‰é”®æ¶ˆæŠ–æ—¶ä½¿ç”¨çš„å˜é‡
  54   1          volatile u8 cur_key_id = KEY_ID_NONE;
  55   1      
  56   1          static volatile bit flag_is_key_mode_hold = 0;
  57   1      
  58   1      #ifdef USE_P10_DETECT_MODE_USE_P07_DETECT_HEAT
                  if (0 == P10) // å¼€å…³/æ¨¡å¼ æŒ‰é”® ä¼˜å…ˆçº§è¦é«˜äº åŠ çƒ­ æŒ‰é”®
                  {
                      cur_key_id = KEY_ID_MODE;
                  }
                  else if (0 == P07)
                  {
                      cur_key_id = KEY_ID_HEAT;
                  }
                  else
                  {
                      cur_key_id = KEY_ID_NONE;
                  }
              #endif
  72   1      
  73   1      #ifdef USE_P07_DETECT_MODE_USE_P10_DETECT_HEAT
  74   1          if (0 == P07) // å¼€å…³/æ¨¡å¼ æŒ‰é”® ä¼˜å…ˆçº§è¦é«˜äº åŠ çƒ­ æŒ‰é”®
  75   1          {
  76   2              cur_key_id = KEY_ID_MODE;
  77   2          }
  78   1          else if (0 == P10)
  79   1          {
  80   2              cur_key_id = KEY_ID_HEAT;
  81   2          }
  82   1          else
  83   1          {
  84   2              cur_key_id = KEY_ID_NONE;
  85   2          }
  86   1      #endif
  87   1      
  88   1          // æ¶ˆæŠ–/æ»¤æ³¢
  89   1          // if (cur_key_id != filter_key_id)
  90   1          // {
  91   1          //     // å¦‚æœæœ‰æŒ‰é”®æŒ‰ä¸‹/æ¾å¼€
  92   1          //     filter_cnt = 0;
  93   1          //     filter_key_id = cur_key_id;
  94   1          //     return;
  95   1          // }
  96   1      
  97   1          // if (filter_cnt < KEY_FILTER_TIMES)
  98   1          // {
  99   1          //     // å¦‚æœæ£€æµ‹åˆ°ç›¸åŒçš„æŒ‰é”®æŒ‰ä¸‹/æ¾å¼€
 100   1          //     // é˜²æ­¢è®¡æ•°æº¢å‡º
 101   1          //     filter_cnt++;
 102   1          //     return;
 103   1          // }
 104   1      
 105   1          // æ»¤æ³¢/æ¶ˆæŠ–å®Œæˆåï¼Œæ‰§è¡Œåˆ°è¿™é‡Œ
 106   1          if (last_key_id != cur_key_id)
 107   1          {
 108   2              if (last_key_id == KEY_ID_NONE)
 109   2              {
 110   3                  // å¦‚æœæœ‰æŒ‰é”®æŒ‰ä¸‹ï¼Œæ¸…é™¤æŒ‰é”®æŒ‰ä¸‹çš„æ—¶é—´è®¡æ•°
 111   3                  press_cnt = 0;
 112   3              }
C51 COMPILER V9.60.7.0   KEY                                                               02/26/2025 17:57:49 PAGE 3   

 113   2              else if (cur_key_id == KEY_ID_NONE)
 114   2              {
 115   3                  // å¦‚æœæŒ‰é”®æ¾å¼€
 116   3                  if (press_cnt < 75)
 117   3                  {
 118   4                      // æŒ‰ä¸‹æ—¶é—´å°äº 750ms ï¼Œæ˜¯çŸ­æŒ‰
 119   4                      if (KEY_ID_MODE == last_key_id)
 120   4                      {
 121   5                          // å¼€å…³/æ¨¡å¼æŒ‰é”®çŸ­æŒ‰
 122   5                          key_event = KEY_EVENT_MODE_CLICK;
 123   5                      }
 124   4                      else if (KEY_ID_HEAT == last_key_id)
 125   4                      {
 126   5                          // åŠ çƒ­æŒ‰é”®çŸ­æŒ‰
 127   5                          key_event = KEY_EVENT_HEAT_CLICK;
 128   5                      }
 129   4                  }
 130   3                  else
 131   3                  {
 132   4                      // é•¿æŒ‰ã€é•¿æŒ‰æŒç»­ä¹‹åæ¾æ‰‹
 133   4                      if (KEY_ID_MODE == last_key_id)
 134   4                      {
 135   5                          flag_is_key_mode_hold = 0;
 136   5                      }
 137   4                  }
 138   3              }
 139   2          }
 140   1          else if (cur_key_id != KEY_ID_NONE)
 141   1          {
 142   2              // å¦‚æœæŒ‰é”®æŒ‰ä½ä¸æ”¾
 143   2              if (press_cnt < 255)
 144   2                  press_cnt++;
 145   2      
 146   2              if (KEY_ID_MODE == cur_key_id)
 147   2              {
 148   3                  // if (flag_is_dev_open)
 149   3                  // å½“å‰è®°å½•ç”µæœºå’ŒåŠ çƒ­çŠ¶æ€çš„å˜é‡ï¼Œåªè¦æœ‰ä¸€ä¸ªä¸ä¸º0ï¼Œè¯´æ˜è®¾å¤‡åœ¨å·¥ä½œ
 150   3                  if (cur_motor_status || cur_ctl_heat_status)
 151   3                  {
 152   4                      if (press_cnt >= 200) // 2000ms
 153   4                      {
 154   5                          if (flag_is_key_mode_hold)
 155   5                          {
 156   6                              // å¦‚æœè¯¥æŒ‰é”®è¿˜æœªæ¾æ‰‹ï¼Œä¸æ‰§è¡Œæ“ä½œ
 157   6                          }
 158   5                          else
 159   5                          {
 160   6                              key_event = KEY_EVENT_MODE_HOLD;
 161   6                              flag_is_key_mode_hold = 1;
 162   6                          }
 163   5                      }
 164   4                  }
 165   3                  else
 166   3                  {
 167   4                      // å¦‚æœå½“å‰è®¾å¤‡æ˜¯å…³é—­çš„
 168   4                      if (press_cnt >= 200) // 2000ms
 169   4                      {
 170   5                          if (flag_is_key_mode_hold)
 171   5                          {
 172   6                              // å¦‚æœè¯¥æŒ‰é”®è¿˜æœªæ¾æ‰‹ï¼Œä¸æ‰§è¡Œæ“ä½œ
 173   6                          }
 174   5                          else
C51 COMPILER V9.60.7.0   KEY                                                               02/26/2025 17:57:49 PAGE 4   

 175   5                          {
 176   6                              key_event = KEY_EVENT_MODE_HOLD;
 177   6                              flag_is_key_mode_hold = 1;
 178   6                          }
 179   5                      }
 180   4                  }
 181   3              }
 182   2          }
 183   1      
 184   1          last_key_id = cur_key_id;
 185   1      }
 186          
 187          // æŒ‰é”®äº‹ä»¶å¤„ç†
 188          void key_event_handle(void)
 189          {
 190   1          if (flag_is_in_charging)
 191   1          {
 192   2              key_event = KEY_EVENT_NONE;
 193   2              return; // å……ç”µæ—¶ä¸å¤„ç†æŒ‰é”®äº‹ä»¶
 194   2          }
 195   1      
 196   1          if (KEY_EVENT_MODE_HOLD == key_event) /* å¼€æœº/æ¨¡å¼æŒ‰é”®é•¿æŒ‰ */
 197   1          {
 198   2              if (SPEECH_CTL_PIN_OPEN == SPEECH_CTL_PIN) /* å¦‚æœè¯­éŸ³ICè¿˜åœ¨å·¥ä½œ */
 199   2              {
 200   3                  // å…³æœºï¼š
 201   3                  flag_ctl_dev_close = 1;      // æ§åˆ¶æ ‡å¿—ä½ç½®ä¸€ï¼Œè®©ä¸»å‡½æ•°æ‰«æåˆ°ï¼Œå¹¶å…³æœº
 202   3                  flag_is_enter_low_power = 1; // å…è®¸è¿›å…¥ä½åŠŸè€—
 203   3              }
 204   2              else /* å¦‚æœè¯­éŸ³ICä¸åœ¨å·¥ä½œï¼Œå¯èƒ½æ˜¯ä»ä½åŠŸè€—ä¸‹å”¤é†’ */
 205   2              { 
 206   3                  if (flag_is_disable_to_open)
 207   3                  {
 208   4                      // ç­‰å¾…æ¾æ‰‹åï¼Œå›åˆ°ä½åŠŸè€—
 209   4                  }
 210   3                  else
 211   3                  {
 212   4                      fun_ctl_power_on();                     
 213   4                  } 
 214   3              }
 215   2          }
 216   1          else if (KEY_EVENT_MODE_CLICK == key_event) /* å¼€æœº/æ¨¡å¼æŒ‰é”®çŸ­æŒ‰ */
 217   1          {
 218   2              if (SPEECH_CTL_PIN_OPEN == SPEECH_CTL_PIN) /* å¦‚æœè¯­éŸ³ICè¿˜åœ¨å·¥ä½œ */
 219   2              {
 220   3                  // å‚æ•°å¡«0ï¼Œæ ¹æ®å…¨å±€å˜é‡ cur_motor_status çš„çŠ¶æ€æ¥è‡ªåŠ¨è°ƒèŠ‚
 221   3                  fun_ctl_motor_status(0);
 222   3              }
 223   2              else /* å¦‚æœè¯­éŸ³ICä¸åœ¨å·¥ä½œ */
 224   2              {
 225   3                  // è¿™é‡Œå¯ä»¥å›åˆ°ä½åŠŸè€—ï¼Œå…³æœº
 226   3                  flag_ctl_dev_close = 1;      // æ§åˆ¶æ ‡å¿—ä½ç½®ä¸€ï¼Œè®©ä¸»å‡½æ•°æ‰«æåˆ°ï¼Œå¹¶å…³æœº
 227   3                  flag_is_enter_low_power = 1; // å…è®¸è¿›å…¥ä½åŠŸè€—
 228   3              }
 229   2          }
 230   1          else if (KEY_EVENT_HEAT_CLICK == key_event) /* åŠ çƒ­æŒ‰é”®çŸ­æŒ‰ */
 231   1          {
 232   2              // if (SPEECH_CTL_PIN_OPEN == SPEECH_CTL_PIN) /* å¦‚æœè¯­éŸ³ICè¿˜åœ¨å·¥ä½œ */
 233   2              {
 234   3                  // å‚æ•°å¡«0ï¼Œæ ¹æ®å…¨å±€å˜é‡ cur_ctl_heat_status çš„çŠ¶æ€æ¥è‡ªåŠ¨è°ƒèŠ‚
 235   3                  fun_ctl_heat_status(0);
 236   3              } 
C51 COMPILER V9.60.7.0   KEY                                                               02/26/2025 17:57:49 PAGE 5   

 237   2          }
 238   1      
 239   1      #if 0
                  // if (flag_is_dev_open)
                  // å½“å‰è®°å½•ç”µæœºå’ŒåŠ çƒ­çŠ¶æ€çš„å˜é‡ï¼Œåªè¦æœ‰ä¸€ä¸ªä¸ä¸º0ï¼Œè¯´æ˜è®¾å¤‡åœ¨å·¥ä½œ
                  if (cur_motor_status || cur_ctl_heat_status)
                  {
                      // å¦‚æœè®¾å¤‡æ­£åœ¨è¿è¡Œ
                      if (KEY_EVENT_MODE_HOLD == key_event)
                      {
                          // å…³æœºï¼š
                          // fun_ctl_power_off();
                          flag_ctl_dev_close = 1; // æ§åˆ¶æ ‡å¿—ä½ç½®ä¸€ï¼Œè®©ä¸»å‡½æ•°æ‰«æåˆ°ï¼Œå¹¶å…³æœº
                          // SPEECH_POWER_DISABLE(); // å…³é—­è¯­éŸ³ICçš„ç”µæº(è®©ä½åŠŸè€—å‡½æ•°æ¥å¤„ç†)
                          flag_is_enter_low_power = 1; // å…è®¸è¿›å…¥ä½åŠŸè€—
                      }
                      else if (KEY_EVENT_MODE_CLICK == key_event)
                      {
                          // è®¾å¤‡è¿è¡Œæ—¶ï¼Œæ£€æµ‹åˆ° å¼€å…³/æ¨¡å¼ æŒ‰é”®çŸ­æŒ‰
                          // å‚æ•°å¡«0ï¼Œæ ¹æ®å…¨å±€å˜é‡ cur_motor_status çš„çŠ¶æ€æ¥è‡ªåŠ¨è°ƒèŠ‚
                          fun_ctl_motor_status(0);
                      }
                      else if (KEY_EVENT_HEAT_CLICK == key_event)
                      {
                          // è®¾å¤‡è¿è¡Œæ—¶ï¼Œæ£€æµ‹åˆ° åŠ çƒ­ æŒ‰é”®çŸ­æŒ‰
                          // å‚æ•°å¡«0ï¼Œæ ¹æ®å…¨å±€å˜é‡ cur_ctl_heat_status çš„çŠ¶æ€æ¥è‡ªåŠ¨è°ƒèŠ‚
                          fun_ctl_heat_status(0);
                      }
                  }
                  else
                  {
                      // å¦‚æœè®¾å¤‡æ²¡æœ‰è¿è¡Œ
              
                      if (SPEECH_CTL_PIN_OPEN == SPEECH_CTL_PIN)
                      {
                          // è¯­éŸ³ICè¿˜åœ¨å·¥ä½œæ—¶
                      }
                      else
                      {
                          // è¯­éŸ³ICæ²¡æœ‰åœ¨å·¥ä½œï¼Œè¯´æ˜å¯èƒ½æ˜¯ä½åŠŸè€—å”¤é†’äº†CPUï¼Œæˆ–è€…æ˜¯åœ¨å……ç”µ
                          if (0 == flag_is_in_charging &&   /* ä¸å……ç”µæ—¶ï¼Œæ‰å¯¹æŒ‰é”®åšæ£€æµ‹å’Œå¤„ç† */
                              0 == flag_is_disable_to_open) /* ä¸å¤„äºä½ç”µé‡ä¸èƒ½å¼€æœºçš„çŠ¶æ€æ—¶ */
                          {
                              // å¦‚æœè®¾å¤‡æ²¡æœ‰åœ¨è¿è¡Œ
                              // if (KEY_EVENT_MODE_HOLD == key_event && /* é•¿æŒ‰äº† å¼€å…³/æ¨¡å¼æŒ‰é”® */
                              //     0 == flag_is_in_charging)           /* å½“å‰æ²¡æœ‰åœ¨å……ç”µ */
                              if (KEY_EVENT_MODE_HOLD == key_event) /* é•¿æŒ‰äº† å¼€å…³/æ¨¡å¼æŒ‰é”® */
                              {
                                  // fun_ctl_power_on(); // å‡½æ•°å†…éƒ¨ä¼šå°† flag_is_dev_open ç½®ä¸€
                                  fun_ctl_power_on();
                                  SPEECH_POWER_ENABLE();
                              }
                          }
                      }
                  }
              #endif
 293   1      
 294   1          // å¤„ç†å®Œæˆåï¼Œæ¸…é™¤æŒ‰é”®äº‹ä»¶
 295   1          key_event = KEY_EVENT_NONE;
 296   1      }


C51 COMPILER V9.60.7.0   KEY                                                               02/26/2025 17:57:49 PAGE 6   

MODULE INFORMATION:   STATIC OVERLAYABLE
   CODE SIZE        =    196    ----
   CONSTANT SIZE    =   ----    ----
   XDATA SIZE       =   ----    ----
   PDATA SIZE       =   ----    ----
   DATA SIZE        =      3       2
   IDATA SIZE       =   ----    ----
   BIT SIZE         =      1    ----
END OF MODULE INFORMATION.


C51 COMPILATION COMPLETE.  1 WARNING(S),  0 ERROR(S)
