C51 COMPILER V9.60.7.0   LED                                                               02/21/2025 17:16:08 PAGE 1   


C51 COMPILER V9.60.7.0, COMPILATION OF MODULE LED
OBJECT MODULE PLACED IN .\Release\Objects\led.obj
COMPILER INVOKED BY: C:\Keil_v5\C51\BIN\C51.EXE ..\..\Hardware\led.c OPTIMIZE(9,SIZE) BROWSE INTVECTOR(0X8000) INCDIR(..
                    -\..\Libraries\Include;..\..\User;..\..\Hardware;..\..\App) INTERVAL(3) DEBUG OBJECTEXTEND PRINT(.\Release\Listings\led.l
                    -st) OBJECT(.\Release\Objects\led.obj)

line level    source

   1          #include "led.h"
*** WARNING C322 IN LINE 71 OF \BaiduSyncdisk\A_WorkSt\Aworkst\2025-01-22-project250122--Ħ-SX384\code\pro
             -ject-250122-TX8C1011\Libraries\Include\debug.h: unknown identifier
   2          
   3          // 20KHz
   4          // #define STMR2_PRE (SYSCLK / 1 / (20000 - 100) - 1) // 值 == 1608
   5          
   6          volatile u8 cur_sel_led = CUR_SEL_LED_NONE;
   7          volatile u8 cur_ctl_led_blink_cnt = CUR_CTL_LED_BLINK_NONE; // 记录当前要控制灯光闪烁的次数
   8          
   9          // void led_config(void)
  10          // { 
  11          //     // P12、P13对应的LED都使用PWM来驱动
  12          //     P1_MD0 |= 0xA0; // P12、P13都配置为多功能IO模式
  13          //     // P1_AF0 &= ~(0x0F); // (可以不写，默认就是0)P12复用为 STMR2_CHB 、P13复用为 STMR2
             -_CHA
  14          
  15          //     // 配置STIMER1
  16          //     STMR2_FCONR = 0x00;          // 选择系统时钟，0分频
  17          //     STMR2_PRH = STMR2_PRE / 256; // 周期值
  18          //     STMR2_PRL = STMR2_PRE % 256;
  19          //     // 占空比默认为0，不点亮LED
  20          //     // STMR2_CMPAH = STMR2_PRE / 2 / 256; // 通道A占空比
  21          //     // STMR2_CMPAL = STMR2_PRE / 2 % 256;
  22          //     // STMR2_CMPBH = STMR2_PRE / 4 / 256; // 通道B占空比
  23          //     // STMR2_CMPBL = STMR2_PRE / 4 % 256;
  24          
  25          //     STMR2_PCONRA = 0x10; // 使能CHA，计数值大于CHA比较值输出0，小于输出1
  26          //     STMR2_PCONRB = 0x10; // 使能CHB，计数值大于CHA比较值输出0，小于输出1
  27          //     STMR2_CR |= 0x01;    // 使能高级定时器
  28          // }
  29          
  30          void led_red_on(void)
  31          {
  32   1      #ifdef USE_P13_RLED_USE_P12_GLED
  33   1          P1_MD0 &= ~(0x03 << 6);
  34   1          P1_MD0 |= 0x02 << 6;                 // 多功能IO模式
  35   1          P1_AF0 &= ~(0x03 << 6);              // 复用为 STMR2_CHA
  36   1          STMR2_CMPAH = (STMR2_PRE + 1) / 256; // 通道A占空比  100%
  37   1          STMR2_CMPAL = (STMR2_PRE + 1) % 256; 
  38   1      #endif
  39   1      
  40   1      #ifdef USE_P12_RLED_USE_P13_GLED
                  P1_MD0 &= ~(0x03 << 4);
                  P1_MD0 |= 0x02 << 4;                 // 多功能IO模式
                  P1_AF0 &= ~(0x03 << 4);              // 复用为 STMR2_CHB
                  STMR2_CMPBH = (STMR2_PRE + 1) / 256; // 通道B占空比  100%
                  STMR2_CMPBL = (STMR2_PRE + 1) % 256;
              #endif
  47   1      }
  48          
  49          void led_red_off(void)
  50          {
C51 COMPILER V9.60.7.0   LED                                                               02/21/2025 17:16:08 PAGE 2   

  51   1      #ifdef USE_P13_RLED_USE_P12_GLED
  52   1          P1_MD0 &= ~(0x03 << 6);
  53   1          P1_MD0 |= 0x01 << 6; // 输出模式
  54   1          P13 = 0;             // 输出低电平
  55   1      #endif
  56   1      
  57   1      #ifdef USE_P12_RLED_USE_P13_GLED
                  P1_MD0 &= ~(0x03 << 4);
                  P1_MD0 |= 0x01 << 4; // 输出模式
                  P12 = 0;             // 输出低电平
              #endif
  62   1      }
  63          
  64          void led_green_on(void)
  65          {
  66   1      #ifdef USE_P13_RLED_USE_P12_GLED 
  67   1          P1_MD0 &= ~(0x03 << 4);
  68   1          P1_MD0 |= 0x02 << 4;                 // 多功能IO模式
  69   1          P1_AF0 &= ~(0x03 << 4);              // 复用为 STMR2_CHB
  70   1          STMR2_CMPBH = (STMR2_PRE + 1) / 256; // 通道B占空比  100%
  71   1          STMR2_CMPBL = (STMR2_PRE + 1) % 256;
  72   1      #endif
  73   1      
  74   1      #ifdef USE_P12_RLED_USE_P13_GLED
                  P1_MD0 &= ~(0x03 << 6);
                  P1_MD0 |= 0x02 << 6;                 // 多功能IO模式
                  P1_AF0 &= ~(0x03 << 6);              // 复用为 STMR2_CHA
                  STMR2_CMPAH = (STMR2_PRE + 1) / 256; // 通道A占空比  100%
                  STMR2_CMPAL = (STMR2_PRE + 1) % 256; 
              #endif
  81   1      }
  82          
  83          void led_green_off(void)
  84          {
  85   1      #ifdef USE_P13_RLED_USE_P12_GLED 
  86   1          P1_MD0 &= ~(0x03 << 4);
  87   1          P1_MD0 |= 0x01 << 4; // 输出模式
  88   1          P12 = 0;             // 输出低电平
  89   1      #endif
  90   1      
  91   1      #ifdef USE_P12_RLED_USE_P13_GLED
                  P1_MD0 &= ~(0x03 << 6);
                  P1_MD0 |= 0x01 << 6; // 输出模式
                  P13 = 0;             // 输出低电平
              #endif
  96   1      }


MODULE INFORMATION:   STATIC OVERLAYABLE
   CODE SIZE        =     72    ----
   CONSTANT SIZE    =   ----    ----
   XDATA SIZE       =   ----    ----
   PDATA SIZE       =   ----    ----
   DATA SIZE        =      2    ----
   IDATA SIZE       =   ----    ----
   BIT SIZE         =   ----    ----
END OF MODULE INFORMATION.


C51 COMPILATION COMPLETE.  1 WARNING(S),  0 ERROR(S)
