C51 COMPILER V9.60.7.0   LOW_POWER                                                         02/27/2025 16:27:31 PAGE 1   


C51 COMPILER V9.60.7.0, COMPILATION OF MODULE LOW_POWER
OBJECT MODULE PLACED IN .\Release\Objects\low_power.obj
COMPILER INVOKED BY: C:\Keil_v5\C51\BIN\C51.EXE ..\..\App\low_power.c OPTIMIZE(9,SIZE) BROWSE INTVECTOR(0X8000) INCDIR(.
                    -.\..\Libraries\Include;..\..\User;..\..\Hardware;..\..\App) INTERVAL(3) DEBUG OBJECTEXTEND PRINT(.\Release\Listings\low_
                    -power.lst) OBJECT(.\Release\Objects\low_power.obj)

line level    source

   1          #include "low_power.h"
*** WARNING C322 IN LINE 71 OF \BaiduSyncdisk\A_WorkSt\Aworkst\2025-01-22-project250122--Ħ-SX384\code\pro
             -ject-250122-TX8C1011\Libraries\Include\debug.h: unknown identifier
   2          
   3          extern void user_config(void);
   4          
   5          void low_power(void)
   6          {
   7   1          // 如果是长按关机，下面的判断会导致无法进入低功耗
   8   1          // 如果一直按着开机/模式按键，返回
   9   1          // if (P15 || 0 == P07) // 如果检测到在充电或是按着开机按键
  10   1          // if (0 == P07)
  11   1          // {
  12   1          //     return;
  13   1          // }
  14   1      
  15   1      label_low_power_begin: // 标签，刚开始进入低功耗
  16   1      
  17   1          // 除了P10、P15为输入模式，其余全部配置为输出模式
  18   1          P0_MD0 = 0x55;
  19   1          P0_MD1 = 0x15;
  20   1          P1_MD0 = 0x55;
  21   1      
  22   1          // 关闭片上外设:
  23   1          __DisableIRQ(TMR0_IRQn);  // 屏蔽TMR0中断
  24   1          TMR0_CONL &= ~0x03;       // 关闭tmr0
  25   1          tmr2_pwm_disable();       // 关闭tmr2 控制升压的PWM，相应的引脚输出低电平
  26   1          ADC_CFG0 &= ~(0x14);      // 关闭ADC和使用到的ADC通道0
  27   1          motor_pwm_disable();      // 关闭驱动电机的定时器(pwm)，相应的两个引脚输出低电
             -
  28   1          __DisableIRQ(UART1_IRQn); // 屏蔽接收控制命令的串口中断
  29   1          UART1_CON &= ~(0x11);     // 关闭接收控制命令的串口，关闭RX中断
  30   1      
  31   1          // 接收控制命令的引脚配置为输出模式，输出低电平:
  32   1          // P0_MD0 &= ~0x03;
  33   1          // P0_MD0 |= 0x01; // 输出模式
  34   1          // P00 = 0;
  35   1      
  36   1          STMR2_CR &= ~0x01; // 关闭驱动LED的定时器(pwm)
  37   1          // 关闭LED：
  38   1          LED_RED_OFF();
  39   1          LED_GREEN_OFF();
  40   1          HEATING_OFF();          // 控制加热的引脚输出低电平
  41   1          SPEECH_POWER_DISABLE(); // 控制语音IC电源的引脚
  42   1          // 检测电机是否堵转的引脚配置为输出模式，输出低电平
  43   1          // 检测电池分压后的电压的引脚配置为输出模式，输出低电平
  44   1          // 检测是否有充电的引脚配置为输出模式，输出低电平
  45   1          // 也就是 P04、P05、P06都配置为输出模式，输出低电平
  46   1          // P0_MD1 &= ~0x3F;
  47   1          // P0_MD1 |= 0x15; // P04 P05 P06 输出模式
  48   1          // P0 &= ~0x70;    // P04 P05 P06 输出低电平
  49   1      
  50   1          P0 &= ~0x71; // P04 P05 P06 输出低电平
C51 COMPILER V9.60.7.0   LOW_POWER                                                         02/27/2025 16:27:31 PAGE 2   

  51   1      
  52   1      // 如果是 使用第 07 脚检测 开关/模式按键 使用第 10 脚检测 加热按键
  53   1      #ifdef USE_P07_DETECT_MODE_USE_P10_DETECT_HEAT
  54   1          // 关闭检测按键的上拉
  55   1          // P0_PU &= ~(0x01 << 7); // 不能关闭这个上拉电阻，会无法唤醒
  56   1          P1_PU &= ~0x01; // 关闭P10的上拉
  57   1      
  58   1          // 将检测加热按键的引脚配置为输出模式，输出低电平：
  59   1          // P1_MD0 &= ~0x03; //
  60   1          // P1_MD0 |= 0x01;  // P10 输出模式
  61   1          P10 = 0;
  62   1      
  63   1          // 检测 开关/模式按键 的引脚配置为输入上拉，检测到低电平触发中断，唤醒
             -CPU
  64   1          WDT_KEY = 0x55; // 解除写保护
  65   1          IO_MAP |= 0x01 << 4;
  66   1          WDT_KEY = 0xBB;
  67   1          // P1_TRG0 |= ; // 不用配置触发边沿，默认就是双边沿触发
  68   1          P0_IMK |= 0x01 << 7;  // 使能 P07 中断
  69   1          __EnableIRQ(P0_IRQn); // 在总中断使能P0中断
  70   1          // 使能对应的唤醒通道：
  71   1          WKUP_CON0 |= 0x11; // P07 连接到的唤醒单元使能，低电平触发唤醒
  72   1          // WKUP_CON0 |= 0x01; // P07 连接到的唤醒单元使能，高电平触发唤醒
  73   1      #endif
  74   1      
  75   1      // 如果是 使用第 10 脚检测 开关/模式按键 使用第 07 脚检测 加热按键
  76   1      #ifdef USE_P10_DETECT_MODE_USE_P07_DETECT_HEAT
                  P0_MD1 &= ~(0x03 << 6);
                  P0_MD1 |= 0x01 << 6; // P07 输出模式
                  P07 = 0;
              
                  // 检测 开关/模式按键 的引脚配置为输入上拉，检测到低电平触发中断，唤醒
             -CPU
                  P1_IMK |= 0x01;       // 使能P10中断
                  __EnableIRQ(P1_IRQn); // 在总中断使能P1中断
                  // 使能对应的唤醒通道：
                  WKUP_CON0 |= 0x22; // P10 连接到的唤醒单元使能，低电平触发唤醒
              #endif
  87   1      
  88   1          P1_IMK |= 0x01 << 5;  // 使能P15中断
  89   1          __EnableIRQ(P1_IRQn); // 在总中断使能P1中断
  90   1          // 使能对应的唤醒通道：
  91   1          WKUP_CON0 |= 0x01 << 1; // P15 连接到的唤醒单元1使能，高电平触发唤醒
  92   1      
  93   1          // ======================================================================
  94   1          WKPND = 0xFF;          // 唤醒前清除pending
  95   1          LP_CON |= 0x01 << 6;   // 唤醒后程序会继续运行
  96   1          __ENTER_SLEEP_MODE;    // 进入SLEEP
  97   1          __SLEEP_AFTER_WAKE_UP; // SLEEP唤醒后
  98   1          // ======================================================================
  99   1      
 100   1          P1_IMK &= ~(0x01 << 5);    // 关闭P15中断
 101   1          __DisableIRQ(P1_IRQn);     // 在总中断关闭P1中断
 102   1          WKUP_CON0 &= ~(0x01 << 1); // 关闭P15连接到的唤醒单元
 103   1      
 104   1          // 如果是 使用第 07 脚检测 开关/模式按键 使用第 10 脚检测 加热按键
 105   1      #ifdef USE_P07_DETECT_MODE_USE_P10_DETECT_HEAT
 106   1          // 关闭检测 开关/模式 按键引脚的中断
 107   1          P0_IMK &= ~(0x01 << 7); // 不使能 P07 中断
 108   1          __DisableIRQ(P0_IRQn);  // 在总中断不使能P0中断
 109   1          WKUP_CON0 &= ~(0x11);   // 关闭P07连接到的唤醒单元
 110   1          WDT_KEY = 0x55;         // 解除写保护
C51 COMPILER V9.60.7.0   LOW_POWER                                                         02/27/2025 16:27:31 PAGE 3   

 111   1          IO_MAP &= ~(0x01 << 4);
 112   1          WDT_KEY = 0xBB;
 113   1      #endif
 114   1      
 115   1      // 如果是 使用第 10 脚检测 开关/模式按键 使用第 07 脚检测 加热按键
 116   1      #ifdef USE_P10_DETECT_MODE_USE_P07_DETECT_HEAT
                  // 关闭检测 开关/模式 按键引脚的中断
                  P1_IMK &= ~0x01;       // 关闭P10中断
                  __DisableIRQ(P1_IRQn); // 在总中断关闭P1中断
              #endif
 121   1      
 122   1          // 唤醒后，如果没有检测到 充电或是按着开机/模式按键，重新回到低功耗
 123   1          if (0 == P07 || P15)
 124   1          {
 125   2              u8 i = 0;
 126   2              u8 cnt = 0;
 127   2      
 128   2              for (i = 0; i < 200; i++)
 129   2              {
 130   3                  if (0 == P07 || P15)
 131   3                  {
 132   4                      cnt++;
 133   4                  }
 134   3      
 135   3                  delay_ms(1);
 136   3              }
 137   2      
 138   2              if (cnt >= 180)
 139   2              {
 140   3              }
 141   2              else
 142   2              {
 143   3                  goto label_low_power_begin;
 144   3              }
 145   2          }
 146   1      
 147   1          // 重新初始化
 148   1          user_config();
 149   1      
 150   1          // LED_GREEN_ON(); // 测试用，看看能不能唤醒
 151   1      }
 152          
 153          // void WDT_IRQHandler(void) interrupt WDT_IRQn
 154          // {
 155          //     if (WDT_CON & 0x40)
 156          //     {
 157          //         WDT_KEY = 0xAA; // feed wdt
 158          //     }
 159          // }
 160          
 161          void P0_IRQHandler(void) interrupt P0_IRQn
 162          {
 163   1          // if (P0_PND)
 164   1          // {
 165   1          P0_PND = 0; // 清 中断标志位
 166   1          // }
 167   1      }
 168          
 169          void P1_IRQHandler(void) interrupt P1_IRQn
 170          {
 171   1          // if (P1_PND)
 172   1          // {
C51 COMPILER V9.60.7.0   LOW_POWER                                                         02/27/2025 16:27:31 PAGE 4   

 173   1          P1_PND = 0; // 清 中断标志位
 174   1          // }
 175   1      }


MODULE INFORMATION:   STATIC OVERLAYABLE
   CODE SIZE        =    310    ----
   CONSTANT SIZE    =   ----    ----
   XDATA SIZE       =   ----    ----
   PDATA SIZE       =   ----    ----
   DATA SIZE        =   ----       2
   IDATA SIZE       =   ----    ----
   BIT SIZE         =   ----    ----
END OF MODULE INFORMATION.


C51 COMPILATION COMPLETE.  1 WARNING(S),  0 ERROR(S)
