C51 COMPILER V9.60.7.0   MOTOR                                                             04/29/2025 14:56:37 PAGE 1   


C51 COMPILER V9.60.7.0, COMPILATION OF MODULE MOTOR
OBJECT MODULE PLACED IN .\Release\Objects\motor.obj
COMPILER INVOKED BY: C:\Keil_v5\C51\BIN\C51.EXE ..\..\Hardware\motor.c OPTIMIZE(9,SIZE) BROWSE INTVECTOR(0X8000) INCDIR(
                    -..\..\Libraries\Include;..\..\User;..\..\Hardware;..\..\App) INTERVAL(3) DEBUG OBJECTEXTEND PRINT(.\Release\Listings\mot
                    -or.lst) OBJECT(.\Release\Objects\motor.obj)

line level    source

   1          #include "motor.h"
*** WARNING C322 IN LINE 71 OF \BaiduSyncdisk\A_WorkSt\Aworkst\2025-01-22-project250122--Ħ-SX384\code\pro
             -ject-250122-TX8C1011\Libraries\Include\debug.h: unknown identifier
   2          
   3          // ===================================================
   4          // 电机相关配置                                    //
   5          // ===================================================
   6          
   7          // 当前电机的挡位
   8          // 0--初始状态(0%占空比)
   9          // 1--一档
  10          // 2--二档
  11          // 3--三档
  12          // volatile u8 cur_motor_status = 0;
  13          volatile u8 cur_motor_status;
  14          // 记录当前电机的转向，0--初始值，无状态，1--正转，2--反转
  15          // volatile u8 cur_motor_dir = 0;
  16          volatile u8 cur_motor_dir;
  17          
  18          extern volatile bit flag_tim_scan_maybe_motor_stalling; // 用于给定时器扫描的标志位，可能
             -测到了电机堵转
  19          extern volatile bit flag_tim_set_motor_stalling;        // 由定时器置位/复位的，表示在工作
             -检测到了电机堵转
  20          extern volatile bit flag_ctl_dev_close;                 // 控制标志位，是否要关闭设备
  21          extern volatile bit flag_is_enter_low_power;            // 标志位，是否要进入低功耗
  22          
  23          // void motor_config(void)
  24          // {
  25          //     P0_AF0 &= ~0xF0; // P02 复用为 STMR1_PWMB，P03 复用为 STMR1_PWMA
  26          
  27          //     // 配置STIMER1
  28          //     STMR1_FCONR = 0x00;          // 选择系统时钟，0分频
  29          //     STMR1_PRH = STMR1_PRE / 256; // 周期值
  30          //     STMR1_PRL = STMR1_PRE % 256;
  31          //     // 占空比，默认为0
  32          //     // STMR1_CMPAH = STMR1_PRE / 2 / 256;
  33          //     // STMR1_CMPAL = STMR1_PRE / 2 % 256;
  34          //     // STMR1_CMPBH = STMR1_PRE / 4 / 256;
  35          //     // STMR1_CMPBL = STMR1_PRE / 4 % 256;
  36          //     STMR1_PCONRA = 0x10; // 使能CHA，计数值大于CHA比较值输出0，小于输出1
  37          //     STMR1_PCONRB = 0x10; // 使能CHB，计数值大于CHA比较值输出0，小于输出1
  38          //     STMR1_CR |= 0x01;    // 使能高级定时器
  39          
  40          //     // 关闭定时器，IO配置为输出模式，输出低电平
  41          //     motor_pwm_disable();
  42          // }
  43          
  44          // void motor_pwm_enable(void)
  45          // {
  46          //     // IO配置：
  47          //     P0_MD0 &= ~0xF0;
  48          //     P0_MD0 |= 0xA0;
  49          //     // P0_AF0 &= ~0xF0;
C51 COMPILER V9.60.7.0   MOTOR                                                             04/29/2025 14:56:37 PAGE 2   

  50          //     STMR1_CR |= 0x01; // 使能高级定时器
  51          // }
  52          
  53          void motor_pwm_a_enable(void)
  54          {
  55   1          // 反转PWM P03 STMR1_PWMA
  56   1          P0_MD0 &= ~(0x03 << 6);
  57   1          P0_MD0 |= 0x02 << 6;
  58   1          P0_AF0 &= ~(0x03 << 6); // 复用为 STMR1_PWMA
  59   1          STMR1_CR |= 0x01;       // 使能高级定时器
  60   1          cur_motor_dir = 2;      // 表示电机反转
  61   1      }
  62          
  63          void motor_pwm_b_enable(void)
  64          {
  65   1          // 正转PWM P02 STMR1_PWMB
  66   1          P0_MD0 &= ~(0x03 << 4);
  67   1          P0_MD0 |= 0x02 << 4;
  68   1          P0_AF0 &= ~(0x03 << 4); // 复用为 STMR1_PWMB
  69   1          STMR1_CR |= 0x01;       // 使能高级定时器
  70   1          cur_motor_dir = 1;      // 表示电机正转
  71   1      }
  72          
  73          // 关闭PWM通道A的输出，对应IO输出0，但是不会关闭定时器
  74          void motor_pwm_a_disable(void)
  75          {
  76   1          // 反转PWM P03 STMR1_PWMA
  77   1          P0_MD0 &= ~(0x03 << 6);
  78   1          P0_MD0 |= 0x01 << 6; // 输出模式
  79   1          P03 = 0;
  80   1      }
  81          
  82          // 关闭PWM通道B的输出，对应IO输出0，但是不会关闭定时器
  83          void motor_pwm_b_disable(void)
  84          {
  85   1          // 正转PWM P02 STMR1_PWMB
  86   1          P0_MD0 &= ~(0x03 << 4);
  87   1          P0_MD0 |= 0x01 << 4; // 输出模式
  88   1          P02 = 0;
  89   1      }
  90          
  91          void motor_pwm_disable(void)
  92          {
  93   1          STMR1_CR &= ~0x01; // 关闭高级定时器
  94   1          // IO配置为输出模式，输出0
  95   1          P0_MD0 &= ~0xF0;
  96   1          P0_MD0 |= 0x50;
  97   1          P02 = 0;
  98   1          P03 = 0;
  99   1          cur_motor_status = 0; // 表示电机已经关闭
 100   1          cur_motor_dir = 0;    // (记录电机转动方向的变量)清零，回到初始状态
 101   1      }
 102          
 103          // // 在电机关闭、并且语音IC还在工作时，如果短按开关按键/语音调节了电机挡
             -，打开该功能
 104          // void motor_forward(void)
 105          // {
 106          //     motor_pwm_b_enable(); // 电机正向转动
 107          //     // cur_motor_dir = 1;    // 表示电机正转
 108          // }
 109          
 110          // 根据 STMR1_PRE 的值来计算占空比：
C51 COMPILER V9.60.7.0   MOTOR                                                             04/29/2025 14:56:37 PAGE 3   

 111          #define __MOTOR_LEVEL_1 (1395)          // 一档 86.8% 占空比
 112          #define __MOTOR_LEVEL_2 (1492)          // 二档 92.8% 占空比
 113          #define __MOTOR_LEVEL_3 (STMR1_PRE + 1) // 三档 100% 占空比
 114          const u16 motor_level_buf[] = {
 115              __MOTOR_LEVEL_1,
 116              __MOTOR_LEVEL_2,
 117              __MOTOR_LEVEL_3,
 118          };
 119          
 120          /**
 121           * @brief 修改电机转速（函数内部只修改占空比，不开/关pwm输出）
 122           *
 123           * @param adjust_motor_status 要调节的电机挡位
 124           *        
 125           *          1 -- 一档 86.8% 占空比
 126           *          2 -- 二档 92.8% 占空比
 127           *          3 -- 三档 100% 占空比
 128           *          其余参数值不做处理
 129           */
 130          void alter_motor_speed(u8 adjust_motor_status)
 131          {
 132   1      #if 0 // 未优化程序空间之前的程序：
              
                  if (1 == adjust_motor_status)
                  {
                      STMR1_CMPAH = __MOTOR_LEVEL_1 / 256;
                      STMR1_CMPAL = __MOTOR_LEVEL_1 % 256;
                      STMR1_CMPBH = __MOTOR_LEVEL_1 / 256;
                      STMR1_CMPBL = __MOTOR_LEVEL_1 % 256;
                  }
                  else if (2 == adjust_motor_status)
                  {
                      STMR1_CMPAH = __MOTOR_LEVEL_2 / 256;
                      STMR1_CMPAL = __MOTOR_LEVEL_2 % 256;
                      STMR1_CMPBH = __MOTOR_LEVEL_2 / 256;
                      STMR1_CMPBL = __MOTOR_LEVEL_2 % 256;
                  }
                  else if (3 == adjust_motor_status)
                  {
                      STMR1_CMPAH = __MOTOR_LEVEL_3 / 256;
                      STMR1_CMPAL = __MOTOR_LEVEL_3 % 256;
                      STMR1_CMPBH = __MOTOR_LEVEL_3 / 256;
                      STMR1_CMPBL = __MOTOR_LEVEL_3 % 256;
                  }
              
              #endif // 未优化程序空间之前的程序
 157   1      
 158   1          // 不是 1 - 3 档，不做处理
 159   1          if (adjust_motor_status == 0 || adjust_motor_status > 3)
 160   1          {
 161   2              return;
 162   2          }
 163   1      
 164   1          // adjust_motor_status 在 1~3档 ，才会进入到这里
 165   1          adjust_motor_status--; // 与数组的下标对齐
 166   1      
 167   1          STMR1_CMPAH = motor_level_buf[adjust_motor_status] / 256;
 168   1          STMR1_CMPAL = motor_level_buf[adjust_motor_status] % 256;
 169   1          STMR1_CMPBH = motor_level_buf[adjust_motor_status] / 256;
 170   1          STMR1_CMPBL = motor_level_buf[adjust_motor_status] % 256;
 171   1      }
 172          
C51 COMPILER V9.60.7.0   MOTOR                                                             04/29/2025 14:56:37 PAGE 4   

 173          // 电机过流检测和相关处理
 174          void motor_over_current_detect_handle(void)
 175          {
 176   1          u16 adc_val = 0;
 177   1      
 178   1          if (0 == cur_motor_status)
 179   1          {
 180   2              // 清空对应的标志位，不让定时器进行连续计时
 181   2              flag_tim_scan_maybe_motor_stalling = 0;
 182   2              return; // 电机没有运行，函数直接返回
 183   2          }
 184   1      
 185   1          adc_sel_channel(ADC_CHANNEL_MOTOR); // 切换到检测电机电流的引脚
 186   1          adc_val = adc_get_val();
 187   1          if (adc_val >= MOTOR_STALLING_AD_VAL)
 188   1          {
 189   2              // 让定时器进行连续计时
 190   2              flag_tim_scan_maybe_motor_stalling = 1;
 191   2          }
 192   1          else
 193   1          {
 194   2              // 清空对应的标志位，不让定时器进行连续计时
 195   2              flag_tim_scan_maybe_motor_stalling = 0;
 196   2          }
 197   1      
 198   1          if (flag_tim_set_motor_stalling)
 199   1          {
 200   2              // 如果确实检测到了电机堵转
 201   2              flag_ctl_dev_close = 1;      // 让主循环关闭设备
 202   2              flag_is_enter_low_power = 1; // 允许进入低功耗
 203   2          }
 204   1      }


MODULE INFORMATION:   STATIC OVERLAYABLE
   CODE SIZE        =    169    ----
   CONSTANT SIZE    =   ----    ----
   XDATA SIZE       =   ----    ----
   PDATA SIZE       =   ----    ----
   DATA SIZE        =      8    ----
   IDATA SIZE       =   ----    ----
   BIT SIZE         =   ----    ----
END OF MODULE INFORMATION.


C51 COMPILATION COMPLETE.  1 WARNING(S),  0 ERROR(S)
