C51 COMPILER V9.60.7.0   SPEECH_PROCESS                                                    02/26/2025 17:57:49 PAGE 1   


C51 COMPILER V9.60.7.0, COMPILATION OF MODULE SPEECH_PROCESS
OBJECT MODULE PLACED IN .\Release\Objects\speech_process.obj
COMPILER INVOKED BY: C:\Keil_v5\C51\BIN\C51.EXE ..\..\App\speech_process.c OPTIMIZE(9,SIZE) BROWSE INTVECTOR(0X8000) INC
                    -DIR(..\..\Libraries\Include;..\..\User;..\..\Hardware;..\..\App) INTERVAL(3) DEBUG OBJECTEXTEND PRINT(.\Release\Listings
                    -\speech_process.lst) OBJECT(.\Release\Objects\speech_process.obj)

line level    source

   1          #include "speech_process.h"
*** WARNING C322 IN LINE 71 OF \BaiduSyncdisk\A_WorkSt\Aworkst\2025-01-22-project250122-ËÕĞÀ-°´Ä¦ÒÇÓïÒô¿î-SX384\code\pro
             -ject-250122-TX8C1011\Libraries\Include\debug.h: unknown identifier
   2          
   3          extern volatile bit flag_is_recv_ctl; // æ ‡å¿—ä½ï¼Œæ˜¯å¦æ¥æ”¶äº†æ§åˆ¶å‘½ä»¤
   4          
   5          extern volatile bit flag_tim_set_bat_is_low; // ç”±å®šæ—¶å™¨ç½®ä½/å¤ä½çš„ï¼Œè¡¨ç¤ºåœ¨å·¥ä½œæ—¶ï¼Œç”µæ± 
             -æ˜¯å¦å¤„äºä½ç”µé‡çš„æ ‡å¿—ä½
   6          extern volatile bit flag_ctl_led_blink;      // æ§åˆ¶æ ‡å¿—ä½ï¼Œæ˜¯å¦æ§åˆ¶æŒ‡ç¤ºç¯é—ªçƒ
   7          extern volatile bit flag_ctl_turn_dir;       // æ§åˆ¶æ ‡å¿—ä½ï¼Œæ˜¯å¦æ›´æ¢ç”µæœºçš„æ–¹å‘
   8          
   9          extern volatile bit flag_ctl_dev_close; // æ§åˆ¶æ ‡å¿—ä½ï¼Œæ˜¯å¦è¦å…³é—­è®¾å¤‡
  10          
  11          /*
  12              æ ‡å¿—ä½ï¼Œæ˜¯å¦é€šè¿‡è¯­éŸ³æ¥åˆ‡æ¢æ–¹å‘.
  13              ç”¨åœ¨å®šæ—¶å™¨ä¸­æ–­ä¸­ï¼Œåˆ¤æ–­è‡ªåŠ¨æ¢æ–¹å‘ï¼Œå¦‚æœè¿™ä¸ªæ ‡å¿—ä½ç½®ä¸€ï¼Œ
  14              ä¼šæ¸…é™¤å½“å‰è‡ªåŠ¨æ¢æ–¹å‘çš„è®¡æ—¶ï¼Œé‡æ–°å¼€å§‹è‡ªåŠ¨æ¢æ–¹å‘çš„è®¡æ—¶
  15          */
  16          extern volatile bit flag_is_turn_dir_by_speech;
  17          
  18          /*
  19              æ ‡å¿—ä½ï¼Œæ˜¯å¦æ¥æ”¶åˆ°äº†æ–°çš„è¯­éŸ³ä¿¡æ¯/æœ‰æ–°çš„æŒ‰é”®æ“ä½œ
  20              ç”¨åœ¨å®šæ—¶å™¨ä¸­æ–­ï¼Œåœ¨é€šè¿‡è¯­éŸ³å…³é—­è®¾å¤‡åï¼Œä¸€æ®µæ—¶é—´æ— æ“ä½œè€Œå½»åº•å…³æœº
  21              å¦‚æœè¿™ä¸ªæ ‡å¿—ä½ç½®ä¸€ï¼Œåœ¨å®šæ—¶å™¨å†…ä¼šæ¸…é™¤è‡ªåŠ¨å½»åº•å…³æœºçš„å€’è®¡æ—¶ï¼Œ
  22              å®šæ—¶å™¨åœ¨æ¸…é™¤è®¡æ—¶åï¼Œä¼šç»™è¿™ä¸ªæ ‡å¿—ä½æ¸…é›¶
  23          */
  24          extern volatile bit flag_is_new_operation;
  25          
  26          extern void fun_ctl_motor_status(u8 adjust_motor_status);
  27          extern void fun_ctl_heat_status(u8 adjust_heat_status);
  28          
  29          // åˆå§‹åŒ–æ§åˆ¶è¯­éŸ³ICç”µæºçš„å¼•è„š
  30          // void speech_ctl_pin_config(void)
  31          // {
  32          //     // P11
  33          //     P1_MD0 |= 0x01 << 2; // è¾“å‡ºæ¨¡å¼
  34          // }
  35          
  36          void speech_scan_process(void)
  37          {
  38   1          if (flag_is_recv_ctl)
  39   1          {
  40   2              // å¦‚æœæ¥æ”¶åˆ°äº†æ­£ç¡®çš„æ§åˆ¶å‘½ä»¤
  41   2              volatile u8 cmd = 0;
  42   2              flag_is_recv_ctl = 0;
  43   2              cmd = recv_ctl; // ä»ç¼“å†²åŒºå–å‡ºæ§åˆ¶å‘½å
  44   2      
  45   2              // è¡¨ç¤ºæœ‰æ–°çš„æ§åˆ¶å‘½ä»¤ï¼Œæ¸…é™¤åœ¨å…³é—­æŒ‰æ‘©æŒ‡ä»¤åï¼Œæ— æ“ä½œè‡ªåŠ¨å…³æœºçš„å€’è®¡æ—
             -¶
  46   2              flag_is_new_operation = 1;
  47   2              delay_ms(1); // ç­‰å¾…å®šæ—¶å™¨æ¸…ç©ºå¯¹åº”çš„ï¼ˆ2minæ²¡æœ‰è¯­éŸ³æ“ä½œè€Œå…³æœºï¼‰è®¡æ—¶å˜é‡å’Œ
             -æ ‡å¿—ä½
  48   2      
C51 COMPILER V9.60.7.0   SPEECH_PROCESS                                                    02/26/2025 17:57:49 PAGE 2   

  49   2              // (ç”¨ if-else if è¯­å¥ä¼šæ¯”switchè¯­å¥æ›´çœç©ºé—´)
  50   2              // æ ¹æ®å½“å‰è®¾å¤‡çš„æƒ…å†µï¼Œå¯¹æŒ‡ä»¤è¿›è¡Œå¤„ç†
  51   2              if (CMD_OPEN_DEV == cmd) // æ‰“å¼€æŒ‰æ‘©/æŒ‰æ‘©æ•/æŒ‰æ‘©å™¨
  52   2              {
  53   3                  // å¦‚æœå½“å‰ç”µæœºæ˜¯å…³é—­çš„ï¼Œæ‰å¯¹ å¼€æœºæ§åˆ¶å‘½ä»¤è¿›è¡Œå¤„ç†
  54   3                  if (0 == cur_motor_status)
  55   3                  {
  56   4                      alter_motor_speed(2); // å¼€æœºåï¼Œç”µæœºè¿›å…¥äºŒæ¡£
  57   4                      motor_pwm_b_enable(); // ç”µæœºæ­£å‘è½¬åŠ¨
  58   4      
  59   4                      cur_motor_dir = 1;    // è¡¨ç¤ºå½“å‰ç”µæœºåœ¨æ­£è½¬
  60   4                      cur_motor_status = 2; // æ›´æ–°ç”µæœºæŒ¡ä½çŠ¶æ€
  61   4      
  62   4                      // å¦‚æœä¸å¤„äºä½ç”µé‡æŠ¥è­¦çŠ¶æ€ï¼Œæ‰ä½¿èƒ½LEDé—ªçƒåŠŸèƒ½ï¼š
  63   4                      if (0 == flag_tim_set_bat_is_low)
  64   4                      {
  65   5                          if (0 == cur_ctl_heat_status)
  66   5                          {
  67   6                              // å¦‚æœæ²¡æœ‰æ‰“å¼€åŠ çƒ­ï¼Œè®©ç»¿ç¯é—ªçƒ
  68   6                              LED_RED_OFF();
  69   6                              LED_GREEN_ON();
  70   6                              cur_sel_led = CUR_SEL_LED_GREEN;
  71   6                          }
  72   5                          else
  73   5                          {
  74   6                              // å¦‚æœæ‰“å¼€äº†åŠ çƒ­ï¼Œè®©çº¢ç¯é—ªçƒ
  75   6                              LED_GREEN_OFF();
  76   6                              LED_RED_ON();
  77   6                              cur_sel_led = CUR_SEL_LED_RED;
  78   6                          }
  79   5      
  80   5                          cur_ctl_led_blink_cnt = cur_motor_status; // ledé—ªçƒæ¬¡æ•°ä¸å½“å‰ç”µæœºçš„æŒ¡ä½æœ
             -‰å…³
  81   5                          flag_ctl_led_blink = 1;                   // æ‰“å¼€LEDé—ªçƒçš„åŠŸèƒ½
  82   5                      }
  83   4                  }
  84   3                  else
  85   3                  {
  86   4                      // ç”µæœºæ­£åœ¨è¿è¡Œï¼Œä¸åšå¤„ç†
  87   4                  }
  88   3              }
  89   2              else if (CMD_CLOSE_DEV == cmd) // å…³é—­æŒ‰æ‘©/æŒ‰æ‘©æ•/æŒ‰æ‘©å™¨
  90   2              {
  91   3                  // flag_ctl_dev_close = 1;
  92   3                  cur_ctl_heat_status = 0; // å…³é—­åŠ çƒ­
  93   3                  motor_pwm_disable();     // å…³é—­é©±åŠ¨ç”µæœºçš„PWMè¾“å‡ºï¼š
  94   3                  cur_motor_status = 0;    // è¡¨ç¤ºç”µæœºå·²ç»å…³é—­
  95   3                  cur_motor_dir = 0;       // (è®°å½•ç”µæœºè½¬åŠ¨æ–¹å‘çš„å˜é‡)æ¸…é›¶ï¼Œå›åˆ°åˆå§‹çŠ¶æ€
  96   3                  interrupt_led_blink();   // å…³é—­ç¯å…‰é—ªçƒçš„åŠ¨ç”»
  97   3                  LED_GREEN_ON(); // ç‚¹äº®ç»¿ç¯
  98   3                  delay_ms(500);
  99   3                  cur_sel_led = CUR_SEL_LED_GREEN; // é€‰ä¸­ç»¿ç¯ï¼Œå‡†å¤‡è®©å®ƒé—ªçƒ
 100   3                  cur_ctl_led_blink_cnt = CUR_CTL_LED_BLINK_1; // é—ªçƒä¸€æ¬¡
 101   3                  flag_ctl_led_blink = 1; // ä½¿èƒ½ç¯å…‰é—ªçƒ
 102   3              }
 103   2              else if (CMD_OPEN_HEAT == cmd) // æ‰“å¼€åŠ çƒ­
 104   2              {
 105   3                  if (0 == cur_ctl_heat_status)
 106   3                  {
 107   4                      // å¦‚æœåŠ çƒ­æ²¡æœ‰å¼€å¯
 108   4                      // å‚æ•°å¡«0ï¼Œæ ¹æ®å…¨å±€å˜é‡ cur_ctl_heat_status çš„çŠ¶æ€æ¥è‡ªåŠ¨è°ƒèŠ‚
 109   4                      fun_ctl_heat_status(0);
C51 COMPILER V9.60.7.0   SPEECH_PROCESS                                                    02/26/2025 17:57:49 PAGE 3   

 110   4                  }
 111   3              }
 112   2              else if (CMD_CLOSE_HEAT == cmd) // å…³é—­åŠ çƒ­
 113   2              {
 114   3                  if (0 != cur_ctl_heat_status)
 115   3                  {
 116   4                      // å¦‚æœåŠ çƒ­å·²ç»å¼€å¯
 117   4                      // flag_ctl_led_blink = 0; // æ‰“æ–­å½“å‰æ­£åœ¨é—ªçƒçš„åŠŸèƒ½
 118   4                      // delay_ms(1);            // ç­‰å¾…å®šæ—¶å™¨ä¸­æ–­å†…éƒ¨æ¸…ç©ºé—ªçƒåŠŸèƒ½å¯¹åº”çš„æ ‡å¿—
             -å’Œå˜é‡ï¼Œå¦åˆ™æ‰“æ–­é—ªç¯çš„æ•ˆæœä¼šå˜å·®
 119   4                      interrupt_led_blink();
 120   4                      fun_ctl_close_heat();
 121   4                  }
 122   3              }
 123   2              else if (CMD_HEAT_FIRST == cmd) // åŠ çƒ­ä¸€æ¡£
 124   2              {
 125   3                  if (0 != cur_ctl_heat_status)
 126   3                  {
 127   4                      fun_ctl_heat_status(1);
 128   4                  }
 129   3              }
 130   2              else if (CMD_HEAT_SECOND == cmd) // åŠ çƒ­äºŒæ¡£
 131   2              {
 132   3                  if (0 != cur_ctl_heat_status)
 133   3                  {
 134   4                      fun_ctl_heat_status(2);
 135   4                  }
 136   3              }
 137   2              else if (cur_motor_status) /* æ¥ä¸‹æ¥éƒ½æ˜¯ä¸ç”µæœºæœ‰å…³çš„æ“ä½œï¼Œéœ€è¦ç”µæœºåœ¨è¿ä½œçš„æƒ
             -…å†µä¸‹ï¼Œå†åšå¤„ç†ï¼Œå¦åˆ™ä¸ä¼šè¿›å…¥ */
 138   2              {
 139   3                  if (CMD_INTENSITY_FIRST == cmd) // åŠ›åº¦ä¸€æ¡£
 140   3                  {
 141   4                      fun_ctl_motor_status(1);
 142   4                  }
 143   3                  else if (CMD_INTENSITY_SECOND == cmd) // åŠ›åº¦äºŒæ¡£
 144   3                  {
 145   4                      fun_ctl_motor_status(2);
 146   4                  }
 147   3                  else if (CMD_INTENSITY_THIRD == cmd) // åŠ›åº¦ä¸‰æ¡£
 148   3                  {
 149   4                      fun_ctl_motor_status(3);
 150   4                  }
 151   3                  else if (CMD_CHANGE_DIR == cmd) // æ¢ä¸ªæ–¹å‘
 152   3                  {
 153   4                      // æ ‡å¿—ä½ç½®ä¸€ï¼Œè®©æ¢æ–¹å‘çš„æ“ä½œåœ¨ä¸»å‡½æ•°æ‰§è¡Œï¼Œå› ä¸ºæ¢æ–¹å‘è¦é—´éš”500
             -ms
 154   4                      flag_ctl_turn_dir = 1;
 155   4                      // ç»™å¦å¤–ä¸€ä¸ªæ ‡å¿—ä½ç½®ä¸€ï¼Œè®©å®šæ—¶å™¨æ¸…é™¤è‡ªåŠ¨æ¢æ–¹å‘çš„è®¡æ—¶
 156   4                      flag_is_turn_dir_by_speech = 1;
 157   4                  }
 158   3              }
 159   2      
 160   2      #if 0
                      else if (CMD_INTENSITY_FIRST == cmd) // åŠ›åº¦ä¸€æ¡£
                      {
                          if (0 != cur_motor_status)
                          {
                              fun_ctl_motor_status(1);
                          }
                      }
                      else if (CMD_INTENSITY_SECOND == cmd) // åŠ›åº¦äºŒæ¡£
C51 COMPILER V9.60.7.0   SPEECH_PROCESS                                                    02/26/2025 17:57:49 PAGE 4   

                      {
                          if (0 != cur_motor_status)
                          {
                              fun_ctl_motor_status(2);
                          }
                      }
                      else if (CMD_INTENSITY_THIRD == cmd) // åŠ›åº¦ä¸‰æ¡£
                      {
                          if (0 != cur_motor_status)
                          {
                              fun_ctl_motor_status(3);
                          }
                      }
                      else if (CMD_CHANGE_DIR == cmd) // æ¢ä¸ªæ–¹å‘
                      {
                          if (0 != cur_motor_status)
                          {
                              // æ ‡å¿—ä½ç½®ä¸€ï¼Œè®©æ¢æ–¹å‘çš„æ“ä½œåœ¨ä¸»å‡½æ•°æ‰§è¡Œï¼Œå› ä¸ºæ¢æ–¹å‘è¦é—´éš”500
             -ms
                              flag_ctl_turn_dir = 1;
              
                              // ç»™å¦å¤–ä¸€ä¸ªæ ‡å¿—ä½ç½®ä¸€ï¼Œè®©å®šæ—¶å™¨æ¸…é™¤è‡ªåŠ¨æ¢æ–¹å‘çš„è®¡æ—¶
                              flag_is_turn_dir_by_speech = 1;
                          }
                      }
              #endif
 194   2          }
 195   1      }


MODULE INFORMATION:   STATIC OVERLAYABLE
   CODE SIZE        =    219    ----
   CONSTANT SIZE    =   ----    ----
   XDATA SIZE       =   ----    ----
   PDATA SIZE       =   ----    ----
   DATA SIZE        =   ----       1
   IDATA SIZE       =   ----    ----
   BIT SIZE         =   ----    ----
END OF MODULE INFORMATION.


C51 COMPILATION COMPLETE.  1 WARNING(S),  0 ERROR(S)
