C51 COMPILER V9.60.7.0   SYSTEM                                                            02/15/2025 16:32:46 PAGE 1   


C51 COMPILER V9.60.7.0, COMPILATION OF MODULE SYSTEM
OBJECT MODULE PLACED IN .\Release\Objects\system.obj
COMPILER INVOKED BY: C:\Keil_v5\C51\BIN\C51.EXE ..\..\Libraries\Source\system.c OPTIMIZE(8,SIZE) BROWSE INTVECTOR(0X8000
                    -) INCDIR(..\..\Libraries\Include;..\..\User;..\..\Hardware;..\..\App) INTERVAL(3) DEBUG OBJECTEXTEND PRINT(.\Release\Lis
                    -tings\system.lst) OBJECT(.\Release\Objects\system.obj)

line level    source

   1          /**
   2            ******************************************************************************
   3            * @file    system.c
   4            * @author  HUGE-IC Application Team
   5            * @version V1.0.0
   6            * @date    01-05-2021
   7            * @brief   Main program body
   8            ******************************************************************************
   9            * @attention
  10            *
  11            * <h2><center>&copy; COPYRIGHT 2021 HUGE-IC</center></h2>
  12            *
  13            *
  14            *
  15            ******************************************************************************
  16            */ 
  17          
  18          /* Includes ------------------------------------------------------------------*/
  19          #include "include.h"
  20          
  21          
  22          /** @addtogroup Template_Project
  23            * @{
  24            */
  25            
  26          /* Private typedef -----------------------------------------------------------*/
  27          /* Private define ------------------------------------------------------------*/
  28          #define HRCSC_STEP_VAL            (*(u8 code *)0x9111)  // 获取HRC时钟细调值
  29          
  30          /* Private macro -------------------------------------------------------------*/
  31          /* Private variables ---------------------------------------------------------*/
  32          /* Private function prototypes -----------------------------------------------*/
  33          /* Private functions ---------------------------------------------------------*/
  34          
  35          extern void delay_ms(u16 ms);
  36          
  37          /**
  38            * @brief  System initialization function
  39            * @param  None
  40            * @retval None
  41            */
  42          void system_init(void)
  43          {
  44   1          u8 hrcsc_data = HRCSC_STEP_VAL & 0x7f;      // 获取HRC时钟细调值
  45   1          
  46   1          WDT_KEY    = 0xDD;                          // Close WDT
  47   1          
  48   1          FLASH_TIM0 = 0x55;
  49   1          FLASH_TIM1 = 0x54;                          // FLASH 16M 访问速度
  50   1          FLASH_TRIM = 0x0A;
  51   1          
  52   1          AIP_CON0   = 0x80 | hrcsc_data;             // 使能 hirc
  53   1          CLK_CON0   = 0x03;                          // 选择 hirc clk
C51 COMPILER V9.60.7.0   SYSTEM                                                            02/15/2025 16:32:46 PAGE 2   

  54   1          CLK_CON2   = 0x00;                          // 系统时钟不分频
  55   1          CLK_CON6   = 0x1F;                          // FLASH烧写时钟32分频：1M
  56   1          
  57   1          delay_ms(1);                                // 该延迟不可删除，保证烧录稳定性
  58   1      
  59   1          __ADC_VREFP_TRIM_5V_CALIB;                  // 填入5V电压供电下内部2.4V参考电压的校准值
  60   1          
  61   1      //    __SET_ALL_IO_ANALOG_MODE;              // 所有IO的初始状态设为模拟模式，在二次开发时不使用到的IO保持
             -模拟模式可减小功耗
  62   1      }
  63          
  64          /*************************** (C) COPYRIGHT 2021 HUGE-IC ***** END OF FILE *****/


MODULE INFORMATION:   STATIC OVERLAYABLE
   CODE SIZE        =     73    ----
   CONSTANT SIZE    =   ----    ----
   XDATA SIZE       =   ----    ----
   PDATA SIZE       =   ----    ----
   DATA SIZE        =   ----    ----
   IDATA SIZE       =   ----    ----
   BIT SIZE         =   ----    ----
END OF MODULE INFORMATION.


C51 COMPILATION COMPLETE.  0 WARNING(S),  0 ERROR(S)
