C51 COMPILER V9.60.7.0   TMR0                                                              02/27/2025 17:01:02 PAGE 1   


C51 COMPILER V9.60.7.0, COMPILATION OF MODULE TMR0
OBJECT MODULE PLACED IN .\Release\Objects\tmr0.obj
COMPILER INVOKED BY: C:\Keil_v5\C51\BIN\C51.EXE ..\..\Hardware\tmr0.c OPTIMIZE(9,SIZE) BROWSE INTVECTOR(0X8000) INCDIR(.
                    -.\..\Libraries\Include;..\..\User;..\..\Hardware;..\..\App) INTERVAL(3) DEBUG OBJECTEXTEND PRINT(.\Release\Listings\tmr0
                    -.lst) OBJECT(.\Release\Objects\tmr0.obj)

line level    source

   1          #include "tmr0.h"
*** WARNING C322 IN LINE 71 OF \BaiduSyncdisk\A_WorkSt\Aworkst\2025-01-22-project250122-ËÕÐÀ-°´Ä¦ÒÇÓïÒô¿î-SX384\code\pro
             -ject-250122-TX8C1011\Libraries\Include\debug.h: unknown identifier
   2          
   3          
   4          
   5          // void tmr0_config(void)
   6          // {
   7          //     __EnableIRQ(TMR0_IRQn); // ä½¿èƒ½timer0ä¸­æ–­
   8          //     // IE_EA = 1;              // ä½¿èƒ½æ€»ä¸­æ–­
   9          
  10          //     TMR0_PRL = TMR0_CNT_TIME;                                                   // å‘¨æœŸå€¼
  11          //     TMR0_CNTL = 0x00;                                                           // æ¸…é™¤è®¡æ•°å€¼
  12          //     TMR0_CONH = 0xA0;                                                           // ä½¿èƒ½è®¡æ•°ä¸­æ–­
  13          //     TMR0_CONL = (((0x7 & 0x7) << 5) | ((0x7 & 0x7) << 2) | ((0x1 & 0x3) << 0)); // 128åˆ†é¢‘ï¼Œç³»ç»Ÿæ—
             -¶é’Ÿï¼Œcountæ¨¡å¼
  14          // }


MODULE INFORMATION:   STATIC OVERLAYABLE
   CODE SIZE        =   ----    ----
   CONSTANT SIZE    =   ----    ----
   XDATA SIZE       =   ----    ----
   PDATA SIZE       =   ----    ----
   DATA SIZE        =   ----    ----
   IDATA SIZE       =   ----    ----
   BIT SIZE         =   ----    ----
END OF MODULE INFORMATION.


C51 COMPILATION COMPLETE.  1 WARNING(S),  0 ERROR(S)
