C51 COMPILER V9.60.7.0   TMR2                                                              02/14/2025 17:51:38 PAGE 1   


C51 COMPILER V9.60.7.0, COMPILATION OF MODULE TMR2
OBJECT MODULE PLACED IN .\Release\Objects\tmr2.obj
COMPILER INVOKED BY: C:\Keil_v5\C51\BIN\C51.EXE ..\..\Hardware\tmr2.c OPTIMIZE(8,SIZE) BROWSE INTVECTOR(0X8000) INCDIR(.
                    -.\..\Libraries\Include;..\..\User;..\..\Hardware;..\..\App) INTERVAL(3) DEBUG OBJECTEXTEND PRINT(.\Release\Listings\tmr2
                    -.lst) OBJECT(.\Release\Objects\tmr2.obj)

line level    source

   1          #include "tmr2.h"
*** WARNING C322 IN LINE 71 OF \BaiduSyncdisk\A_WorkSt\Aworkst\2025-01-22-project250122-ËÕĞÀ-°´Ä¦ÒÇÓïÒô¿î-SX384\code\pro
             -ject-250122-TX8C1011\Libraries\Include\debug.h: unknown identifier
   2          
   3          #define TMR2_CNT_TIME (SYSCLK / 1 / (164000 - 1500) - 1) // è®¡æ•°å‘¨æœŸ 164KHz(å®é™…ä¸Šä¼šæœ‰è¯¯å·®ï¼Œè¿
             -™é‡Œè¦åŠ ä¸Šè¡¥å¿)
   4          
   5          void tmr2_pwm_config(void)
   6          {
   7   1          // é…ç½®P01ä¸ºtimer2 pwmè¾“å‡ºç«¯å£
   8   1          // P0_MD0 &= ~0x03 << 2;
   9   1          // P0_MD0 |= 0x02 << 2;
  10   1          // P0_AF0 &= ~0x03 << 2;
  11   1      
  12   1          TMR2_PRL = TMR2_CNT_TIME % 256; // å‘¨æœŸå€¼
  13   1          TMR2_PRH = TMR2_CNT_TIME / 256;
  14   1          TMR2_PWML = 0; // å ç©ºæ¯” 0%
  15   1          TMR2_PWMH = 0;
  16   1          TMR2_CNTL = 0x00; // æ¸…é™¤è®¡æ•°å€¼
  17   1          TMR2_CNTH = 0x00;
  18   1          TMR2_CONL = (((0x0 & 0x7) << 5) | ((0x7 & 0x7) << 2) | ((0x2 & 0x3) << 0)); // 0åˆ†é¢‘ï¼Œç³»ç»Ÿæ—¶é’Ÿï
             -¼ŒPWMæ¨¡å¼
  19   1      
  20   1          // å…³é—­å®šæ—¶å™¨2
  21   1          tmr2_pwm_disable();
  22   1      }
  23          
  24          void tmr2_pwm_enable(void)
  25          {
  26   1          // é…ç½®P01ä¸ºtimer2 pwmè¾“å‡ºç«¯å£
  27   1          P0_MD0 &= ~0x03 << 2;
  28   1          P0_MD0 |= 0x02 << 2;
  29   1          P0_AF0 &= ~0x03 << 2;
  30   1          TMR2_CONL |= 0x02; // å®šæ—¶å™¨2é…ç½®ä¸ºPWMæ¨¡å¼
  31   1      }
  32          
  33          void tmr2_pwm_disable(void)
  34          {
  35   1          TMR2_CONL &= ~0x03; // å…³é—­å®šæ—¶å™¨2
  36   1          P0_MD0 &= ~0x03 << 2;
  37   1          P0_MD0 |= 0x01 << 2; // è¾“å‡º
  38   1          P01 = 0;
  39   1      }
  40          


MODULE INFORMATION:   STATIC OVERLAYABLE
   CODE SIZE        =     56    ----
   CONSTANT SIZE    =   ----    ----
   XDATA SIZE       =   ----    ----
   PDATA SIZE       =   ----    ----
   DATA SIZE        =   ----    ----
   IDATA SIZE       =   ----    ----
C51 COMPILER V9.60.7.0   TMR2                                                              02/14/2025 17:51:38 PAGE 2   

   BIT SIZE         =   ----    ----
END OF MODULE INFORMATION.


C51 COMPILATION COMPLETE.  1 WARNING(S),  0 ERROR(S)
